[INFO] 2020-06-23 15:32:11,482Z [__main__ _pacbio_main_runner 159] Using pbcommand v1.9.2
[INFO] 2020-06-23 15:32:11,482Z [__main__ _pacbio_main_runner 160] completed setting up logger with <function setup_log at 0x7fd9ea697b18>
[INFO] 2020-06-23 15:32:11,483Z [__main__ _pacbio_main_runner 161] log opts {'file_name': None, 'level': 20}
[INFO] 2020-06-23 15:32:11,483Z [__main__ to_reports 30] Loading /bioinfo/users/talaeita/git/pacbio-smrtlink/pbRunQC/work/83/6a46a2dde4b4a7bd37be28e0915a07/m54063_181211_144629.subreadset.xml
[INFO] 2020-06-23 15:32:11,594Z [pbreports.report.filter_stats_xml to_report_impl 307] Unique molecular yield from sts.xml: None
[INFO] 2020-06-23 15:32:11,595Z [pbreports.report.filter_stats_xml to_report_impl 309] Computing metrics from .pbi file
[INFO] 2020-06-23 15:32:11,694Z [pbreports.plot.helper _save_figures 337] Saving figure /bioinfo/users/talaeita/git/pacbio-smrtlink/pbRunQC/work/83/6a46a2dde4b4a7bd37be28e0915a07/filter_stats_xml/readLenDist0.png with dpi 350
[INFO] 2020-06-23 15:32:12,052Z [pbreports.plot.helper _save_figures 337] Saving figure /bioinfo/users/talaeita/git/pacbio-smrtlink/pbRunQC/work/83/6a46a2dde4b4a7bd37be28e0915a07/filter_stats_xml/readLenDist0_thumb.png with dpi 20
[INFO] 2020-06-23 15:32:12,083Z [pbreports.report.filter_stats_xml to_subread_lengths_plot 242] Plotting subread lengths
[INFO] 2020-06-23 15:32:12,122Z [pbreports.plot.helper _save_figures 337] Saving figure /bioinfo/users/talaeita/git/pacbio-smrtlink/pbRunQC/work/83/6a46a2dde4b4a7bd37be28e0915a07/filter_stats_xml/subread_lengths.png with dpi 350
[INFO] 2020-06-23 15:32:12,477Z [pbreports.plot.helper _save_figures 337] Saving figure /bioinfo/users/talaeita/git/pacbio-smrtlink/pbRunQC/work/83/6a46a2dde4b4a7bd37be28e0915a07/filter_stats_xml/subread_lengths_thumb.png with dpi 20
[INFO] 2020-06-23 15:32:12,545Z [pbreports.plot.helper _save_figures 337] Saving figure /bioinfo/users/talaeita/git/pacbio-smrtlink/pbRunQC/work/83/6a46a2dde4b4a7bd37be28e0915a07/filter_stats_xml/insertLenDist0.png with dpi 350
[INFO] 2020-06-23 15:32:12,887Z [pbreports.plot.helper _save_figures 337] Saving figure /bioinfo/users/talaeita/git/pacbio-smrtlink/pbRunQC/work/83/6a46a2dde4b4a7bd37be28e0915a07/filter_stats_xml/insertLenDist0_thumb.png with dpi 20
[INFO] 2020-06-23 15:32:12,932Z [pbreports.report.filter_stats_xml to_hexbin_plot 250] Plotting insert read lengths versus polymerase read lengths
[INFO] 2020-06-23 15:32:12,976Z [pbreports.plot.helper _save_figures 337] Saving figure /bioinfo/users/talaeita/git/pacbio-smrtlink/pbRunQC/work/83/6a46a2dde4b4a7bd37be28e0915a07/filter_stats_xml/hexbin_length_plot.png with dpi 350
[INFO] 2020-06-23 15:32:13,839Z [pbreports.plot.helper _save_figures 337] Saving figure /bioinfo/users/talaeita/git/pacbio-smrtlink/pbRunQC/work/83/6a46a2dde4b4a7bd37be28e0915a07/filter_stats_xml/hexbin_length_plot_thumb.png with dpi 20
[INFO] 2020-06-23 15:32:13,930Z [pbreports.report.filter_stats_xml to_base_yield_plot 258] Plotting base yield as a function of read length
[INFO] 2020-06-23 15:32:13,941Z [pbreports.plot.helper _save_figures 337] Saving figure /bioinfo/users/talaeita/git/pacbio-smrtlink/pbRunQC/work/83/6a46a2dde4b4a7bd37be28e0915a07/filter_stats_xml/base_yield_plot.png with dpi 350
[INFO] 2020-06-23 15:32:14,286Z [pbreports.plot.helper _save_figures 337] Saving figure /bioinfo/users/talaeita/git/pacbio-smrtlink/pbRunQC/work/83/6a46a2dde4b4a7bd37be28e0915a07/filter_stats_xml/base_yield_plot_thumb.png with dpi 20
[INFO] 2020-06-23 15:32:14,316Z [__main__ to_reports 45] Writing /bioinfo/users/talaeita/git/pacbio-smrtlink/pbRunQC/work/83/6a46a2dde4b4a7bd37be28e0915a07/filter_stats_xml/filter_stats_xml.json
[INFO] 2020-06-23 15:32:14,375Z [pbreports.plot.helper _save_figures 337] Saving figure /bioinfo/users/talaeita/git/pacbio-smrtlink/pbRunQC/work/83/6a46a2dde4b4a7bd37be28e0915a07/adapter_xml/interAdapterDist0.png with dpi 350
[INFO] 2020-06-23 15:32:14,720Z [pbreports.plot.helper _save_figures 337] Saving figure /bioinfo/users/talaeita/git/pacbio-smrtlink/pbRunQC/work/83/6a46a2dde4b4a7bd37be28e0915a07/adapter_xml/interAdapterDist0_thumb.png with dpi 20
[INFO] 2020-06-23 15:32:14,754Z [__main__ to_reports 45] Writing /bioinfo/users/talaeita/git/pacbio-smrtlink/pbRunQC/work/83/6a46a2dde4b4a7bd37be28e0915a07/adapter_xml/adapter_xml.json
[INFO] 2020-06-23 15:32:14,822Z [pbreports.plot.helper _save_figures 337] Saving figure /bioinfo/users/talaeita/git/pacbio-smrtlink/pbRunQC/work/83/6a46a2dde4b4a7bd37be28e0915a07/loading_xml/raw_read_length_plot.png with dpi 350
[INFO] 2020-06-23 15:32:15,180Z [pbreports.plot.helper _save_figures 337] Saving figure /bioinfo/users/talaeita/git/pacbio-smrtlink/pbRunQC/work/83/6a46a2dde4b4a7bd37be28e0915a07/loading_xml/raw_read_length_plot_thumb.png with dpi 20
[INFO] 2020-06-23 15:32:15,216Z [__main__ to_reports 45] Writing /bioinfo/users/talaeita/git/pacbio-smrtlink/pbRunQC/work/83/6a46a2dde4b4a7bd37be28e0915a07/loading_xml/loading_xml.json
[INFO] 2020-06-23 15:32:15,253Z [pbreports.plot.helper _save_figures 337] Saving figure /bioinfo/users/talaeita/git/pacbio-smrtlink/pbRunQC/work/83/6a46a2dde4b4a7bd37be28e0915a07/control/readlength_plot.png with dpi 350
[INFO] 2020-06-23 15:32:15,600Z [pbreports.plot.helper _save_figures 337] Saving figure /bioinfo/users/talaeita/git/pacbio-smrtlink/pbRunQC/work/83/6a46a2dde4b4a7bd37be28e0915a07/control/readlength_plot_thumb.png with dpi 20
[INFO] 2020-06-23 15:32:15,659Z [pbreports.plot.helper _save_figures 337] Saving figure /bioinfo/users/talaeita/git/pacbio-smrtlink/pbRunQC/work/83/6a46a2dde4b4a7bd37be28e0915a07/control/concordance_plot.png with dpi 350
[INFO] 2020-06-23 15:32:16,004Z [pbreports.plot.helper _save_figures 337] Saving figure /bioinfo/users/talaeita/git/pacbio-smrtlink/pbRunQC/work/83/6a46a2dde4b4a7bd37be28e0915a07/control/concordance_plot_thumb.png with dpi 20
[INFO] 2020-06-23 15:32:16,037Z [__main__ to_reports 45] Writing /bioinfo/users/talaeita/git/pacbio-smrtlink/pbRunQC/work/83/6a46a2dde4b4a7bd37be28e0915a07/control/control.json
[INFO] 2020-06-23 15:32:16,046Z [__main__ _pacbio_main_runner 199] exiting with return code 0 in 4.56 sec.
