[INFO] 2020-06-17 08:48:52,184Z [__main__ _pacbio_main_runner 159] Using pbcommand v1.9.2
[INFO] 2020-06-17 08:48:52,184Z [__main__ _pacbio_main_runner 160] completed setting up logger with <function setup_log at 0x7f92be602b18>
[INFO] 2020-06-17 08:48:52,184Z [__main__ _pacbio_main_runner 161] log opts {'file_name': None, 'level': 20}
[INFO] 2020-06-17 08:48:52,184Z [__main__ to_reports 30] Loading /bioinfo/users/talaeita/git/pacbio-smrtlink/pbRunQC/work/cd/e5a6b3f3a4a0a239607547e217cc33/m54063_181211_144629.subreadset.xml
[INFO] 2020-06-17 08:48:52,390Z [pbreports.report.filter_stats_xml to_report_impl 307] Unique molecular yield from sts.xml: None
[INFO] 2020-06-17 08:48:52,390Z [pbreports.report.filter_stats_xml to_report_impl 309] Computing metrics from .pbi file
[INFO] 2020-06-17 08:49:01,207Z [pbreports.plot.helper _save_figures 337] Saving figure /bioinfo/users/talaeita/git/pacbio-smrtlink/pbRunQC/work/cd/e5a6b3f3a4a0a239607547e217cc33/filter_stats_xml/readLenDist0.png with dpi 350
[INFO] 2020-06-17 08:49:01,584Z [pbreports.plot.helper _save_figures 337] Saving figure /bioinfo/users/talaeita/git/pacbio-smrtlink/pbRunQC/work/cd/e5a6b3f3a4a0a239607547e217cc33/filter_stats_xml/readLenDist0_thumb.png with dpi 20
[INFO] 2020-06-17 08:49:01,614Z [pbreports.report.filter_stats_xml to_subread_lengths_plot 242] Plotting subread lengths
[INFO] 2020-06-17 08:49:01,643Z [pbreports.plot.helper _save_figures 337] Saving figure /bioinfo/users/talaeita/git/pacbio-smrtlink/pbRunQC/work/cd/e5a6b3f3a4a0a239607547e217cc33/filter_stats_xml/subread_lengths.png with dpi 350
[INFO] 2020-06-17 08:49:01,990Z [pbreports.plot.helper _save_figures 337] Saving figure /bioinfo/users/talaeita/git/pacbio-smrtlink/pbRunQC/work/cd/e5a6b3f3a4a0a239607547e217cc33/filter_stats_xml/subread_lengths_thumb.png with dpi 20
[INFO] 2020-06-17 08:49:02,054Z [pbreports.plot.helper _save_figures 337] Saving figure /bioinfo/users/talaeita/git/pacbio-smrtlink/pbRunQC/work/cd/e5a6b3f3a4a0a239607547e217cc33/filter_stats_xml/insertLenDist0.png with dpi 350
[INFO] 2020-06-17 08:49:02,434Z [pbreports.plot.helper _save_figures 337] Saving figure /bioinfo/users/talaeita/git/pacbio-smrtlink/pbRunQC/work/cd/e5a6b3f3a4a0a239607547e217cc33/filter_stats_xml/insertLenDist0_thumb.png with dpi 20
[INFO] 2020-06-17 08:49:02,468Z [pbreports.report.filter_stats_xml to_hexbin_plot 250] Plotting insert read lengths versus polymerase read lengths
[INFO] 2020-06-17 08:49:02,785Z [pbreports.plot.helper _save_figures 337] Saving figure /bioinfo/users/talaeita/git/pacbio-smrtlink/pbRunQC/work/cd/e5a6b3f3a4a0a239607547e217cc33/filter_stats_xml/hexbin_length_plot.png with dpi 350
[INFO] 2020-06-17 08:49:03,702Z [pbreports.plot.helper _save_figures 337] Saving figure /bioinfo/users/talaeita/git/pacbio-smrtlink/pbRunQC/work/cd/e5a6b3f3a4a0a239607547e217cc33/filter_stats_xml/hexbin_length_plot_thumb.png with dpi 20
[INFO] 2020-06-17 08:49:03,798Z [pbreports.report.filter_stats_xml to_base_yield_plot 258] Plotting base yield as a function of read length
[INFO] 2020-06-17 08:49:04,115Z [pbreports.plot.helper _save_figures 337] Saving figure /bioinfo/users/talaeita/git/pacbio-smrtlink/pbRunQC/work/cd/e5a6b3f3a4a0a239607547e217cc33/filter_stats_xml/base_yield_plot.png with dpi 350
[INFO] 2020-06-17 08:49:04,450Z [pbreports.plot.helper _save_figures 337] Saving figure /bioinfo/users/talaeita/git/pacbio-smrtlink/pbRunQC/work/cd/e5a6b3f3a4a0a239607547e217cc33/filter_stats_xml/base_yield_plot_thumb.png with dpi 20
[INFO] 2020-06-17 08:49:04,480Z [__main__ to_reports 45] Writing /bioinfo/users/talaeita/git/pacbio-smrtlink/pbRunQC/work/cd/e5a6b3f3a4a0a239607547e217cc33/filter_stats_xml/filter_stats_xml.json
[INFO] 2020-06-17 08:49:04,516Z [pbreports.plot.helper _save_figures 337] Saving figure /bioinfo/users/talaeita/git/pacbio-smrtlink/pbRunQC/work/cd/e5a6b3f3a4a0a239607547e217cc33/adapter_xml/interAdapterDist0.png with dpi 350
[INFO] 2020-06-17 08:49:04,864Z [pbreports.plot.helper _save_figures 337] Saving figure /bioinfo/users/talaeita/git/pacbio-smrtlink/pbRunQC/work/cd/e5a6b3f3a4a0a239607547e217cc33/adapter_xml/interAdapterDist0_thumb.png with dpi 20
[INFO] 2020-06-17 08:49:04,898Z [__main__ to_reports 45] Writing /bioinfo/users/talaeita/git/pacbio-smrtlink/pbRunQC/work/cd/e5a6b3f3a4a0a239607547e217cc33/adapter_xml/adapter_xml.json
[INFO] 2020-06-17 08:49:04,968Z [pbreports.plot.helper _save_figures 337] Saving figure /bioinfo/users/talaeita/git/pacbio-smrtlink/pbRunQC/work/cd/e5a6b3f3a4a0a239607547e217cc33/loading_xml/raw_read_length_plot.png with dpi 350
[INFO] 2020-06-17 08:49:05,319Z [pbreports.plot.helper _save_figures 337] Saving figure /bioinfo/users/talaeita/git/pacbio-smrtlink/pbRunQC/work/cd/e5a6b3f3a4a0a239607547e217cc33/loading_xml/raw_read_length_plot_thumb.png with dpi 20
[INFO] 2020-06-17 08:49:05,356Z [__main__ to_reports 45] Writing /bioinfo/users/talaeita/git/pacbio-smrtlink/pbRunQC/work/cd/e5a6b3f3a4a0a239607547e217cc33/loading_xml/loading_xml.json
[INFO] 2020-06-17 08:49:05,397Z [pbreports.plot.helper _save_figures 337] Saving figure /bioinfo/users/talaeita/git/pacbio-smrtlink/pbRunQC/work/cd/e5a6b3f3a4a0a239607547e217cc33/control/readlength_plot.png with dpi 350
[INFO] 2020-06-17 08:49:05,750Z [pbreports.plot.helper _save_figures 337] Saving figure /bioinfo/users/talaeita/git/pacbio-smrtlink/pbRunQC/work/cd/e5a6b3f3a4a0a239607547e217cc33/control/readlength_plot_thumb.png with dpi 20
[INFO] 2020-06-17 08:49:05,813Z [pbreports.plot.helper _save_figures 337] Saving figure /bioinfo/users/talaeita/git/pacbio-smrtlink/pbRunQC/work/cd/e5a6b3f3a4a0a239607547e217cc33/control/concordance_plot.png with dpi 350
[INFO] 2020-06-17 08:49:06,159Z [pbreports.plot.helper _save_figures 337] Saving figure /bioinfo/users/talaeita/git/pacbio-smrtlink/pbRunQC/work/cd/e5a6b3f3a4a0a239607547e217cc33/control/concordance_plot_thumb.png with dpi 20
[INFO] 2020-06-17 08:49:06,199Z [__main__ to_reports 45] Writing /bioinfo/users/talaeita/git/pacbio-smrtlink/pbRunQC/work/cd/e5a6b3f3a4a0a239607547e217cc33/control/control.json
[INFO] 2020-06-17 08:49:06,210Z [__main__ _pacbio_main_runner 199] exiting with return code 0 in 14.03 sec.
