[INFO] 2020-06-17 08:50:55,652Z [__main__ _pacbio_main_runner 159] Using pbcommand v1.9.2
[INFO] 2020-06-17 08:50:55,652Z [__main__ _pacbio_main_runner 160] completed setting up logger with <function setup_log at 0x7f6355668b18>
[INFO] 2020-06-17 08:50:55,652Z [__main__ _pacbio_main_runner 161] log opts {'file_name': None, 'level': 20}
[INFO] 2020-06-17 08:50:55,652Z [__main__ to_reports 30] Loading /bioinfo/users/talaeita/git/pacbio-smrtlink/pbRunQC/work/31/27cb3f2ff4224f1c60f511df9ad821/m54063_181212_010613.subreadset.xml
[INFO] 2020-06-17 08:50:55,788Z [pbreports.report.filter_stats_xml to_report_impl 307] Unique molecular yield from sts.xml: None
[INFO] 2020-06-17 08:50:55,789Z [pbreports.report.filter_stats_xml to_report_impl 309] Computing metrics from .pbi file
[INFO] 2020-06-17 08:51:04,227Z [pbreports.plot.helper _save_figures 337] Saving figure /bioinfo/users/talaeita/git/pacbio-smrtlink/pbRunQC/work/31/27cb3f2ff4224f1c60f511df9ad821/filter_stats_xml/readLenDist0.png with dpi 350
[INFO] 2020-06-17 08:51:04,581Z [pbreports.plot.helper _save_figures 337] Saving figure /bioinfo/users/talaeita/git/pacbio-smrtlink/pbRunQC/work/31/27cb3f2ff4224f1c60f511df9ad821/filter_stats_xml/readLenDist0_thumb.png with dpi 20
[INFO] 2020-06-17 08:51:04,627Z [pbreports.report.filter_stats_xml to_subread_lengths_plot 242] Plotting subread lengths
[INFO] 2020-06-17 08:51:04,658Z [pbreports.plot.helper _save_figures 337] Saving figure /bioinfo/users/talaeita/git/pacbio-smrtlink/pbRunQC/work/31/27cb3f2ff4224f1c60f511df9ad821/filter_stats_xml/subread_lengths.png with dpi 350
[INFO] 2020-06-17 08:51:05,017Z [pbreports.plot.helper _save_figures 337] Saving figure /bioinfo/users/talaeita/git/pacbio-smrtlink/pbRunQC/work/31/27cb3f2ff4224f1c60f511df9ad821/filter_stats_xml/subread_lengths_thumb.png with dpi 20
[INFO] 2020-06-17 08:51:05,081Z [pbreports.plot.helper _save_figures 337] Saving figure /bioinfo/users/talaeita/git/pacbio-smrtlink/pbRunQC/work/31/27cb3f2ff4224f1c60f511df9ad821/filter_stats_xml/insertLenDist0.png with dpi 350
[INFO] 2020-06-17 08:51:05,440Z [pbreports.plot.helper _save_figures 337] Saving figure /bioinfo/users/talaeita/git/pacbio-smrtlink/pbRunQC/work/31/27cb3f2ff4224f1c60f511df9ad821/filter_stats_xml/insertLenDist0_thumb.png with dpi 20
[INFO] 2020-06-17 08:51:05,494Z [pbreports.report.filter_stats_xml to_hexbin_plot 250] Plotting insert read lengths versus polymerase read lengths
[INFO] 2020-06-17 08:51:05,834Z [pbreports.plot.helper _save_figures 337] Saving figure /bioinfo/users/talaeita/git/pacbio-smrtlink/pbRunQC/work/31/27cb3f2ff4224f1c60f511df9ad821/filter_stats_xml/hexbin_length_plot.png with dpi 350
[INFO] 2020-06-17 08:51:06,771Z [pbreports.plot.helper _save_figures 337] Saving figure /bioinfo/users/talaeita/git/pacbio-smrtlink/pbRunQC/work/31/27cb3f2ff4224f1c60f511df9ad821/filter_stats_xml/hexbin_length_plot_thumb.png with dpi 20
[INFO] 2020-06-17 08:51:06,881Z [pbreports.report.filter_stats_xml to_base_yield_plot 258] Plotting base yield as a function of read length
[INFO] 2020-06-17 08:51:07,225Z [pbreports.plot.helper _save_figures 337] Saving figure /bioinfo/users/talaeita/git/pacbio-smrtlink/pbRunQC/work/31/27cb3f2ff4224f1c60f511df9ad821/filter_stats_xml/base_yield_plot.png with dpi 350
[INFO] 2020-06-17 08:51:07,563Z [pbreports.plot.helper _save_figures 337] Saving figure /bioinfo/users/talaeita/git/pacbio-smrtlink/pbRunQC/work/31/27cb3f2ff4224f1c60f511df9ad821/filter_stats_xml/base_yield_plot_thumb.png with dpi 20
[INFO] 2020-06-17 08:51:07,594Z [__main__ to_reports 45] Writing /bioinfo/users/talaeita/git/pacbio-smrtlink/pbRunQC/work/31/27cb3f2ff4224f1c60f511df9ad821/filter_stats_xml/filter_stats_xml.json
[INFO] 2020-06-17 08:51:07,633Z [pbreports.plot.helper _save_figures 337] Saving figure /bioinfo/users/talaeita/git/pacbio-smrtlink/pbRunQC/work/31/27cb3f2ff4224f1c60f511df9ad821/adapter_xml/interAdapterDist0.png with dpi 350
[INFO] 2020-06-17 08:51:07,988Z [pbreports.plot.helper _save_figures 337] Saving figure /bioinfo/users/talaeita/git/pacbio-smrtlink/pbRunQC/work/31/27cb3f2ff4224f1c60f511df9ad821/adapter_xml/interAdapterDist0_thumb.png with dpi 20
[INFO] 2020-06-17 08:51:08,032Z [__main__ to_reports 45] Writing /bioinfo/users/talaeita/git/pacbio-smrtlink/pbRunQC/work/31/27cb3f2ff4224f1c60f511df9ad821/adapter_xml/adapter_xml.json
[INFO] 2020-06-17 08:51:08,114Z [pbreports.plot.helper _save_figures 337] Saving figure /bioinfo/users/talaeita/git/pacbio-smrtlink/pbRunQC/work/31/27cb3f2ff4224f1c60f511df9ad821/loading_xml/raw_read_length_plot.png with dpi 350
[INFO] 2020-06-17 08:51:08,502Z [pbreports.plot.helper _save_figures 337] Saving figure /bioinfo/users/talaeita/git/pacbio-smrtlink/pbRunQC/work/31/27cb3f2ff4224f1c60f511df9ad821/loading_xml/raw_read_length_plot_thumb.png with dpi 20
[INFO] 2020-06-17 08:51:08,543Z [__main__ to_reports 45] Writing /bioinfo/users/talaeita/git/pacbio-smrtlink/pbRunQC/work/31/27cb3f2ff4224f1c60f511df9ad821/loading_xml/loading_xml.json
[INFO] 2020-06-17 08:51:08,592Z [pbreports.plot.helper _save_figures 337] Saving figure /bioinfo/users/talaeita/git/pacbio-smrtlink/pbRunQC/work/31/27cb3f2ff4224f1c60f511df9ad821/control/readlength_plot.png with dpi 350
[INFO] 2020-06-17 08:51:08,956Z [pbreports.plot.helper _save_figures 337] Saving figure /bioinfo/users/talaeita/git/pacbio-smrtlink/pbRunQC/work/31/27cb3f2ff4224f1c60f511df9ad821/control/readlength_plot_thumb.png with dpi 20
[INFO] 2020-06-17 08:51:09,021Z [pbreports.plot.helper _save_figures 337] Saving figure /bioinfo/users/talaeita/git/pacbio-smrtlink/pbRunQC/work/31/27cb3f2ff4224f1c60f511df9ad821/control/concordance_plot.png with dpi 350
[INFO] 2020-06-17 08:51:09,376Z [pbreports.plot.helper _save_figures 337] Saving figure /bioinfo/users/talaeita/git/pacbio-smrtlink/pbRunQC/work/31/27cb3f2ff4224f1c60f511df9ad821/control/concordance_plot_thumb.png with dpi 20
[INFO] 2020-06-17 08:51:09,436Z [__main__ to_reports 45] Writing /bioinfo/users/talaeita/git/pacbio-smrtlink/pbRunQC/work/31/27cb3f2ff4224f1c60f511df9ad821/control/control.json
[INFO] 2020-06-17 08:51:09,455Z [__main__ _pacbio_main_runner 199] exiting with return code 0 in 13.80 sec.
