[INFO] 2020-06-17 08:51:27,729Z [__main__ _pacbio_main_runner 159] Using pbcommand v1.9.2
[INFO] 2020-06-17 08:51:27,729Z [__main__ _pacbio_main_runner 160] completed setting up logger with <function setup_log at 0x7f44fd521b18>
[INFO] 2020-06-17 08:51:27,729Z [__main__ _pacbio_main_runner 161] log opts {'file_name': None, 'level': 20}
[INFO] 2020-06-17 08:51:27,730Z [__main__ to_reports 30] Loading /bioinfo/users/talaeita/git/pacbio-smrtlink/pbRunQC/work/b4/f436cd831c79c1d289ae76b4f942cb/m54063_181212_112538.subreadset.xml
[INFO] 2020-06-17 08:51:27,844Z [pbreports.report.filter_stats_xml to_report_impl 307] Unique molecular yield from sts.xml: None
[INFO] 2020-06-17 08:51:27,844Z [pbreports.report.filter_stats_xml to_report_impl 309] Computing metrics from .pbi file
[INFO] 2020-06-17 08:51:36,914Z [pbreports.plot.helper _save_figures 337] Saving figure /bioinfo/users/talaeita/git/pacbio-smrtlink/pbRunQC/work/b4/f436cd831c79c1d289ae76b4f942cb/filter_stats_xml/readLenDist0.png with dpi 350
[INFO] 2020-06-17 08:51:37,285Z [pbreports.plot.helper _save_figures 337] Saving figure /bioinfo/users/talaeita/git/pacbio-smrtlink/pbRunQC/work/b4/f436cd831c79c1d289ae76b4f942cb/filter_stats_xml/readLenDist0_thumb.png with dpi 20
[INFO] 2020-06-17 08:51:37,319Z [pbreports.report.filter_stats_xml to_subread_lengths_plot 242] Plotting subread lengths
[INFO] 2020-06-17 08:51:37,348Z [pbreports.plot.helper _save_figures 337] Saving figure /bioinfo/users/talaeita/git/pacbio-smrtlink/pbRunQC/work/b4/f436cd831c79c1d289ae76b4f942cb/filter_stats_xml/subread_lengths.png with dpi 350
[INFO] 2020-06-17 08:51:37,702Z [pbreports.plot.helper _save_figures 337] Saving figure /bioinfo/users/talaeita/git/pacbio-smrtlink/pbRunQC/work/b4/f436cd831c79c1d289ae76b4f942cb/filter_stats_xml/subread_lengths_thumb.png with dpi 20
[INFO] 2020-06-17 08:51:37,781Z [pbreports.plot.helper _save_figures 337] Saving figure /bioinfo/users/talaeita/git/pacbio-smrtlink/pbRunQC/work/b4/f436cd831c79c1d289ae76b4f942cb/filter_stats_xml/insertLenDist0.png with dpi 350
[INFO] 2020-06-17 08:51:38,130Z [pbreports.plot.helper _save_figures 337] Saving figure /bioinfo/users/talaeita/git/pacbio-smrtlink/pbRunQC/work/b4/f436cd831c79c1d289ae76b4f942cb/filter_stats_xml/insertLenDist0_thumb.png with dpi 20
[INFO] 2020-06-17 08:51:38,189Z [pbreports.report.filter_stats_xml to_hexbin_plot 250] Plotting insert read lengths versus polymerase read lengths
[INFO] 2020-06-17 08:51:38,559Z [pbreports.plot.helper _save_figures 337] Saving figure /bioinfo/users/talaeita/git/pacbio-smrtlink/pbRunQC/work/b4/f436cd831c79c1d289ae76b4f942cb/filter_stats_xml/hexbin_length_plot.png with dpi 350
[INFO] 2020-06-17 08:51:39,488Z [pbreports.plot.helper _save_figures 337] Saving figure /bioinfo/users/talaeita/git/pacbio-smrtlink/pbRunQC/work/b4/f436cd831c79c1d289ae76b4f942cb/filter_stats_xml/hexbin_length_plot_thumb.png with dpi 20
[INFO] 2020-06-17 08:51:39,603Z [pbreports.report.filter_stats_xml to_base_yield_plot 258] Plotting base yield as a function of read length
[INFO] 2020-06-17 08:51:40,007Z [pbreports.plot.helper _save_figures 337] Saving figure /bioinfo/users/talaeita/git/pacbio-smrtlink/pbRunQC/work/b4/f436cd831c79c1d289ae76b4f942cb/filter_stats_xml/base_yield_plot.png with dpi 350
[INFO] 2020-06-17 08:51:40,353Z [pbreports.plot.helper _save_figures 337] Saving figure /bioinfo/users/talaeita/git/pacbio-smrtlink/pbRunQC/work/b4/f436cd831c79c1d289ae76b4f942cb/filter_stats_xml/base_yield_plot_thumb.png with dpi 20
[INFO] 2020-06-17 08:51:40,385Z [__main__ to_reports 45] Writing /bioinfo/users/talaeita/git/pacbio-smrtlink/pbRunQC/work/b4/f436cd831c79c1d289ae76b4f942cb/filter_stats_xml/filter_stats_xml.json
[INFO] 2020-06-17 08:51:40,452Z [pbreports.plot.helper _save_figures 337] Saving figure /bioinfo/users/talaeita/git/pacbio-smrtlink/pbRunQC/work/b4/f436cd831c79c1d289ae76b4f942cb/adapter_xml/interAdapterDist0.png with dpi 350
[INFO] 2020-06-17 08:51:40,800Z [pbreports.plot.helper _save_figures 337] Saving figure /bioinfo/users/talaeita/git/pacbio-smrtlink/pbRunQC/work/b4/f436cd831c79c1d289ae76b4f942cb/adapter_xml/interAdapterDist0_thumb.png with dpi 20
[INFO] 2020-06-17 08:51:40,836Z [__main__ to_reports 45] Writing /bioinfo/users/talaeita/git/pacbio-smrtlink/pbRunQC/work/b4/f436cd831c79c1d289ae76b4f942cb/adapter_xml/adapter_xml.json
[INFO] 2020-06-17 08:51:40,929Z [pbreports.plot.helper _save_figures 337] Saving figure /bioinfo/users/talaeita/git/pacbio-smrtlink/pbRunQC/work/b4/f436cd831c79c1d289ae76b4f942cb/loading_xml/raw_read_length_plot.png with dpi 350
[INFO] 2020-06-17 08:51:41,286Z [pbreports.plot.helper _save_figures 337] Saving figure /bioinfo/users/talaeita/git/pacbio-smrtlink/pbRunQC/work/b4/f436cd831c79c1d289ae76b4f942cb/loading_xml/raw_read_length_plot_thumb.png with dpi 20
[INFO] 2020-06-17 08:51:41,327Z [__main__ to_reports 45] Writing /bioinfo/users/talaeita/git/pacbio-smrtlink/pbRunQC/work/b4/f436cd831c79c1d289ae76b4f942cb/loading_xml/loading_xml.json
[INFO] 2020-06-17 08:51:41,376Z [pbreports.plot.helper _save_figures 337] Saving figure /bioinfo/users/talaeita/git/pacbio-smrtlink/pbRunQC/work/b4/f436cd831c79c1d289ae76b4f942cb/control/readlength_plot.png with dpi 350
[INFO] 2020-06-17 08:51:41,754Z [pbreports.plot.helper _save_figures 337] Saving figure /bioinfo/users/talaeita/git/pacbio-smrtlink/pbRunQC/work/b4/f436cd831c79c1d289ae76b4f942cb/control/readlength_plot_thumb.png with dpi 20
[INFO] 2020-06-17 08:51:41,910Z [pbreports.plot.helper _save_figures 337] Saving figure /bioinfo/users/talaeita/git/pacbio-smrtlink/pbRunQC/work/b4/f436cd831c79c1d289ae76b4f942cb/control/concordance_plot.png with dpi 350
[INFO] 2020-06-17 08:51:42,338Z [pbreports.plot.helper _save_figures 337] Saving figure /bioinfo/users/talaeita/git/pacbio-smrtlink/pbRunQC/work/b4/f436cd831c79c1d289ae76b4f942cb/control/concordance_plot_thumb.png with dpi 20
[INFO] 2020-06-17 08:51:42,382Z [__main__ to_reports 45] Writing /bioinfo/users/talaeita/git/pacbio-smrtlink/pbRunQC/work/b4/f436cd831c79c1d289ae76b4f942cb/control/control.json
[INFO] 2020-06-17 08:51:42,415Z [__main__ _pacbio_main_runner 199] exiting with return code 0 in 14.69 sec.
