[INFO] 2020-06-23 15:56:54,801Z [__main__ _pacbio_main_runner 159] Using pbcommand v1.9.2
[INFO] 2020-06-23 15:56:54,801Z [__main__ _pacbio_main_runner 160] completed setting up logger with <function setup_log at 0x7f3f2378cb18>
[INFO] 2020-06-23 15:56:54,801Z [__main__ _pacbio_main_runner 161] log opts {'file_name': None, 'level': 20}
[INFO] 2020-06-23 15:56:54,801Z [__main__ to_reports 30] Loading /bioinfo/users/talaeita/git/pacbio-smrtlink/pbRunQC/work/b4/cd0ad0ed74987962d3177e1bfbc741/m54063_181212_112538.subreadset.xml
[INFO] 2020-06-23 15:56:54,880Z [pbreports.report.filter_stats_xml to_report_impl 307] Unique molecular yield from sts.xml: None
[INFO] 2020-06-23 15:56:54,880Z [pbreports.report.filter_stats_xml to_report_impl 309] Computing metrics from .pbi file
[INFO] 2020-06-23 15:56:54,932Z [pbreports.plot.helper _save_figures 337] Saving figure /bioinfo/users/talaeita/git/pacbio-smrtlink/pbRunQC/work/b4/cd0ad0ed74987962d3177e1bfbc741/filter_stats_xml/readLenDist0.png with dpi 350
[INFO] 2020-06-23 15:56:55,291Z [pbreports.plot.helper _save_figures 337] Saving figure /bioinfo/users/talaeita/git/pacbio-smrtlink/pbRunQC/work/b4/cd0ad0ed74987962d3177e1bfbc741/filter_stats_xml/readLenDist0_thumb.png with dpi 20
[INFO] 2020-06-23 15:56:55,321Z [pbreports.report.filter_stats_xml to_subread_lengths_plot 242] Plotting subread lengths
[INFO] 2020-06-23 15:56:55,348Z [pbreports.plot.helper _save_figures 337] Saving figure /bioinfo/users/talaeita/git/pacbio-smrtlink/pbRunQC/work/b4/cd0ad0ed74987962d3177e1bfbc741/filter_stats_xml/subread_lengths.png with dpi 350
[INFO] 2020-06-23 15:56:55,689Z [pbreports.plot.helper _save_figures 337] Saving figure /bioinfo/users/talaeita/git/pacbio-smrtlink/pbRunQC/work/b4/cd0ad0ed74987962d3177e1bfbc741/filter_stats_xml/subread_lengths_thumb.png with dpi 20
[INFO] 2020-06-23 15:56:55,747Z [pbreports.plot.helper _save_figures 337] Saving figure /bioinfo/users/talaeita/git/pacbio-smrtlink/pbRunQC/work/b4/cd0ad0ed74987962d3177e1bfbc741/filter_stats_xml/insertLenDist0.png with dpi 350
[INFO] 2020-06-23 15:56:56,098Z [pbreports.plot.helper _save_figures 337] Saving figure /bioinfo/users/talaeita/git/pacbio-smrtlink/pbRunQC/work/b4/cd0ad0ed74987962d3177e1bfbc741/filter_stats_xml/insertLenDist0_thumb.png with dpi 20
[INFO] 2020-06-23 15:56:56,131Z [pbreports.report.filter_stats_xml to_hexbin_plot 250] Plotting insert read lengths versus polymerase read lengths
[INFO] 2020-06-23 15:56:56,168Z [pbreports.plot.helper _save_figures 337] Saving figure /bioinfo/users/talaeita/git/pacbio-smrtlink/pbRunQC/work/b4/cd0ad0ed74987962d3177e1bfbc741/filter_stats_xml/hexbin_length_plot.png with dpi 350
[INFO] 2020-06-23 15:56:57,033Z [pbreports.plot.helper _save_figures 337] Saving figure /bioinfo/users/talaeita/git/pacbio-smrtlink/pbRunQC/work/b4/cd0ad0ed74987962d3177e1bfbc741/filter_stats_xml/hexbin_length_plot_thumb.png with dpi 20
[INFO] 2020-06-23 15:56:57,133Z [pbreports.report.filter_stats_xml to_base_yield_plot 258] Plotting base yield as a function of read length
[INFO] 2020-06-23 15:56:57,143Z [pbreports.plot.helper _save_figures 337] Saving figure /bioinfo/users/talaeita/git/pacbio-smrtlink/pbRunQC/work/b4/cd0ad0ed74987962d3177e1bfbc741/filter_stats_xml/base_yield_plot.png with dpi 350
[INFO] 2020-06-23 15:56:57,483Z [pbreports.plot.helper _save_figures 337] Saving figure /bioinfo/users/talaeita/git/pacbio-smrtlink/pbRunQC/work/b4/cd0ad0ed74987962d3177e1bfbc741/filter_stats_xml/base_yield_plot_thumb.png with dpi 20
[INFO] 2020-06-23 15:56:57,513Z [__main__ to_reports 45] Writing /bioinfo/users/talaeita/git/pacbio-smrtlink/pbRunQC/work/b4/cd0ad0ed74987962d3177e1bfbc741/filter_stats_xml/filter_stats_xml.json
[INFO] 2020-06-23 15:56:57,574Z [pbreports.plot.helper _save_figures 337] Saving figure /bioinfo/users/talaeita/git/pacbio-smrtlink/pbRunQC/work/b4/cd0ad0ed74987962d3177e1bfbc741/adapter_xml/interAdapterDist0.png with dpi 350
[INFO] 2020-06-23 15:56:57,914Z [pbreports.plot.helper _save_figures 337] Saving figure /bioinfo/users/talaeita/git/pacbio-smrtlink/pbRunQC/work/b4/cd0ad0ed74987962d3177e1bfbc741/adapter_xml/interAdapterDist0_thumb.png with dpi 20
[INFO] 2020-06-23 15:56:57,945Z [__main__ to_reports 45] Writing /bioinfo/users/talaeita/git/pacbio-smrtlink/pbRunQC/work/b4/cd0ad0ed74987962d3177e1bfbc741/adapter_xml/adapter_xml.json
[INFO] 2020-06-23 15:56:58,027Z [pbreports.plot.helper _save_figures 337] Saving figure /bioinfo/users/talaeita/git/pacbio-smrtlink/pbRunQC/work/b4/cd0ad0ed74987962d3177e1bfbc741/loading_xml/raw_read_length_plot.png with dpi 350
[INFO] 2020-06-23 15:56:58,385Z [pbreports.plot.helper _save_figures 337] Saving figure /bioinfo/users/talaeita/git/pacbio-smrtlink/pbRunQC/work/b4/cd0ad0ed74987962d3177e1bfbc741/loading_xml/raw_read_length_plot_thumb.png with dpi 20
[INFO] 2020-06-23 15:56:58,421Z [__main__ to_reports 45] Writing /bioinfo/users/talaeita/git/pacbio-smrtlink/pbRunQC/work/b4/cd0ad0ed74987962d3177e1bfbc741/loading_xml/loading_xml.json
[INFO] 2020-06-23 15:56:58,457Z [pbreports.plot.helper _save_figures 337] Saving figure /bioinfo/users/talaeita/git/pacbio-smrtlink/pbRunQC/work/b4/cd0ad0ed74987962d3177e1bfbc741/control/readlength_plot.png with dpi 350
[INFO] 2020-06-23 15:56:58,805Z [pbreports.plot.helper _save_figures 337] Saving figure /bioinfo/users/talaeita/git/pacbio-smrtlink/pbRunQC/work/b4/cd0ad0ed74987962d3177e1bfbc741/control/readlength_plot_thumb.png with dpi 20
[INFO] 2020-06-23 15:56:58,865Z [pbreports.plot.helper _save_figures 337] Saving figure /bioinfo/users/talaeita/git/pacbio-smrtlink/pbRunQC/work/b4/cd0ad0ed74987962d3177e1bfbc741/control/concordance_plot.png with dpi 350
[INFO] 2020-06-23 15:56:59,216Z [pbreports.plot.helper _save_figures 337] Saving figure /bioinfo/users/talaeita/git/pacbio-smrtlink/pbRunQC/work/b4/cd0ad0ed74987962d3177e1bfbc741/control/concordance_plot_thumb.png with dpi 20
[INFO] 2020-06-23 15:56:59,251Z [__main__ to_reports 45] Writing /bioinfo/users/talaeita/git/pacbio-smrtlink/pbRunQC/work/b4/cd0ad0ed74987962d3177e1bfbc741/control/control.json
[INFO] 2020-06-23 15:56:59,262Z [__main__ _pacbio_main_runner 199] exiting with return code 0 in 4.46 sec.
rm: impossible de supprimer « concordance_plot.png »: Aucun fichier ou dossier de ce type
rm: impossible de supprimer « readlength_plot.png »: Aucun fichier ou dossier de ce type
rm: impossible de supprimer « control_mqc_bis.png »: Aucun fichier ou dossier de ce type
