[INFO] 2020-06-17 10:02:40,741Z [__main__ _pacbio_main_runner 159] Using pbcommand v1.9.2
[INFO] 2020-06-17 10:02:40,741Z [__main__ _pacbio_main_runner 160] completed setting up logger with <function setup_log at 0x7f300b3d7b18>
[INFO] 2020-06-17 10:02:40,741Z [__main__ _pacbio_main_runner 161] log opts {'file_name': None, 'level': 20}
[INFO] 2020-06-17 10:02:40,742Z [__main__ to_reports 30] Loading /bioinfo/users/talaeita/git/pacbio-smrtlink/pbRunQC/work/67/85ce0b436598693e2b058354dad386/m54063_181212_112538.subreadset.xml
[INFO] 2020-06-17 10:02:40,867Z [pbreports.report.filter_stats_xml to_report_impl 307] Unique molecular yield from sts.xml: None
[INFO] 2020-06-17 10:02:40,867Z [pbreports.report.filter_stats_xml to_report_impl 309] Computing metrics from .pbi file
[INFO] 2020-06-17 10:02:50,556Z [pbreports.plot.helper _save_figures 337] Saving figure /bioinfo/users/talaeita/git/pacbio-smrtlink/pbRunQC/work/67/85ce0b436598693e2b058354dad386/filter_stats_xml/readLenDist0.png with dpi 350
[INFO] 2020-06-17 10:02:50,912Z [pbreports.plot.helper _save_figures 337] Saving figure /bioinfo/users/talaeita/git/pacbio-smrtlink/pbRunQC/work/67/85ce0b436598693e2b058354dad386/filter_stats_xml/readLenDist0_thumb.png with dpi 20
[INFO] 2020-06-17 10:02:50,943Z [pbreports.report.filter_stats_xml to_subread_lengths_plot 242] Plotting subread lengths
[INFO] 2020-06-17 10:02:50,972Z [pbreports.plot.helper _save_figures 337] Saving figure /bioinfo/users/talaeita/git/pacbio-smrtlink/pbRunQC/work/67/85ce0b436598693e2b058354dad386/filter_stats_xml/subread_lengths.png with dpi 350
[INFO] 2020-06-17 10:02:51,316Z [pbreports.plot.helper _save_figures 337] Saving figure /bioinfo/users/talaeita/git/pacbio-smrtlink/pbRunQC/work/67/85ce0b436598693e2b058354dad386/filter_stats_xml/subread_lengths_thumb.png with dpi 20
[INFO] 2020-06-17 10:02:51,375Z [pbreports.plot.helper _save_figures 337] Saving figure /bioinfo/users/talaeita/git/pacbio-smrtlink/pbRunQC/work/67/85ce0b436598693e2b058354dad386/filter_stats_xml/insertLenDist0.png with dpi 350
[INFO] 2020-06-17 10:02:51,719Z [pbreports.plot.helper _save_figures 337] Saving figure /bioinfo/users/talaeita/git/pacbio-smrtlink/pbRunQC/work/67/85ce0b436598693e2b058354dad386/filter_stats_xml/insertLenDist0_thumb.png with dpi 20
[INFO] 2020-06-17 10:02:51,752Z [pbreports.report.filter_stats_xml to_hexbin_plot 250] Plotting insert read lengths versus polymerase read lengths
[INFO] 2020-06-17 10:02:52,127Z [pbreports.plot.helper _save_figures 337] Saving figure /bioinfo/users/talaeita/git/pacbio-smrtlink/pbRunQC/work/67/85ce0b436598693e2b058354dad386/filter_stats_xml/hexbin_length_plot.png with dpi 350
[INFO] 2020-06-17 10:02:53,038Z [pbreports.plot.helper _save_figures 337] Saving figure /bioinfo/users/talaeita/git/pacbio-smrtlink/pbRunQC/work/67/85ce0b436598693e2b058354dad386/filter_stats_xml/hexbin_length_plot_thumb.png with dpi 20
[INFO] 2020-06-17 10:02:53,132Z [pbreports.report.filter_stats_xml to_base_yield_plot 258] Plotting base yield as a function of read length
[INFO] 2020-06-17 10:02:53,516Z [pbreports.plot.helper _save_figures 337] Saving figure /bioinfo/users/talaeita/git/pacbio-smrtlink/pbRunQC/work/67/85ce0b436598693e2b058354dad386/filter_stats_xml/base_yield_plot.png with dpi 350
[INFO] 2020-06-17 10:02:53,847Z [pbreports.plot.helper _save_figures 337] Saving figure /bioinfo/users/talaeita/git/pacbio-smrtlink/pbRunQC/work/67/85ce0b436598693e2b058354dad386/filter_stats_xml/base_yield_plot_thumb.png with dpi 20
[INFO] 2020-06-17 10:02:53,876Z [__main__ to_reports 45] Writing /bioinfo/users/talaeita/git/pacbio-smrtlink/pbRunQC/work/67/85ce0b436598693e2b058354dad386/filter_stats_xml/filter_stats_xml.json
[INFO] 2020-06-17 10:02:53,909Z [pbreports.plot.helper _save_figures 337] Saving figure /bioinfo/users/talaeita/git/pacbio-smrtlink/pbRunQC/work/67/85ce0b436598693e2b058354dad386/adapter_xml/interAdapterDist0.png with dpi 350
[INFO] 2020-06-17 10:02:54,281Z [pbreports.plot.helper _save_figures 337] Saving figure /bioinfo/users/talaeita/git/pacbio-smrtlink/pbRunQC/work/67/85ce0b436598693e2b058354dad386/adapter_xml/interAdapterDist0_thumb.png with dpi 20
[INFO] 2020-06-17 10:02:54,312Z [__main__ to_reports 45] Writing /bioinfo/users/talaeita/git/pacbio-smrtlink/pbRunQC/work/67/85ce0b436598693e2b058354dad386/adapter_xml/adapter_xml.json
[INFO] 2020-06-17 10:02:54,383Z [pbreports.plot.helper _save_figures 337] Saving figure /bioinfo/users/talaeita/git/pacbio-smrtlink/pbRunQC/work/67/85ce0b436598693e2b058354dad386/loading_xml/raw_read_length_plot.png with dpi 350
[INFO] 2020-06-17 10:02:54,736Z [pbreports.plot.helper _save_figures 337] Saving figure /bioinfo/users/talaeita/git/pacbio-smrtlink/pbRunQC/work/67/85ce0b436598693e2b058354dad386/loading_xml/raw_read_length_plot_thumb.png with dpi 20
[INFO] 2020-06-17 10:02:54,772Z [__main__ to_reports 45] Writing /bioinfo/users/talaeita/git/pacbio-smrtlink/pbRunQC/work/67/85ce0b436598693e2b058354dad386/loading_xml/loading_xml.json
[INFO] 2020-06-17 10:02:54,807Z [pbreports.plot.helper _save_figures 337] Saving figure /bioinfo/users/talaeita/git/pacbio-smrtlink/pbRunQC/work/67/85ce0b436598693e2b058354dad386/control/readlength_plot.png with dpi 350
[INFO] 2020-06-17 10:02:55,155Z [pbreports.plot.helper _save_figures 337] Saving figure /bioinfo/users/talaeita/git/pacbio-smrtlink/pbRunQC/work/67/85ce0b436598693e2b058354dad386/control/readlength_plot_thumb.png with dpi 20
[INFO] 2020-06-17 10:02:55,214Z [pbreports.plot.helper _save_figures 337] Saving figure /bioinfo/users/talaeita/git/pacbio-smrtlink/pbRunQC/work/67/85ce0b436598693e2b058354dad386/control/concordance_plot.png with dpi 350
[INFO] 2020-06-17 10:02:55,559Z [pbreports.plot.helper _save_figures 337] Saving figure /bioinfo/users/talaeita/git/pacbio-smrtlink/pbRunQC/work/67/85ce0b436598693e2b058354dad386/control/concordance_plot_thumb.png with dpi 20
[INFO] 2020-06-17 10:02:55,592Z [__main__ to_reports 45] Writing /bioinfo/users/talaeita/git/pacbio-smrtlink/pbRunQC/work/67/85ce0b436598693e2b058354dad386/control/control.json
[INFO] 2020-06-17 10:02:55,599Z [__main__ _pacbio_main_runner 199] exiting with return code 0 in 14.86 sec.
rm: impossible de supprimer « concordance_plot.png »: Aucun fichier ou dossier de ce type
rm: impossible de supprimer « readlength_plot.png »: Aucun fichier ou dossier de ce type
rm: impossible de supprimer « control_mqc_bis.png »: Aucun fichier ou dossier de ce type
