[INFO] 2020-06-23 15:48:05,201Z [__main__ _pacbio_main_runner 159] Using pbcommand v1.9.2
[INFO] 2020-06-23 15:48:05,201Z [__main__ _pacbio_main_runner 160] completed setting up logger with <function setup_log at 0x7f85b3aaab18>
[INFO] 2020-06-23 15:48:05,201Z [__main__ _pacbio_main_runner 161] log opts {'file_name': None, 'level': 20}
[INFO] 2020-06-23 15:48:05,201Z [__main__ to_reports 30] Loading /bioinfo/users/talaeita/git/pacbio-smrtlink/pbRunQC/work/39/df5a83a86848b56623044f1c6ba5f3/m54063_181211_144629.subreadset.xml
[INFO] 2020-06-23 15:48:05,292Z [pbreports.report.filter_stats_xml to_report_impl 307] Unique molecular yield from sts.xml: None
[INFO] 2020-06-23 15:48:05,292Z [pbreports.report.filter_stats_xml to_report_impl 309] Computing metrics from .pbi file
[INFO] 2020-06-23 15:48:05,345Z [pbreports.plot.helper _save_figures 337] Saving figure /bioinfo/users/talaeita/git/pacbio-smrtlink/pbRunQC/work/39/df5a83a86848b56623044f1c6ba5f3/filter_stats_xml/readLenDist0.png with dpi 350
[INFO] 2020-06-23 15:48:05,695Z [pbreports.plot.helper _save_figures 337] Saving figure /bioinfo/users/talaeita/git/pacbio-smrtlink/pbRunQC/work/39/df5a83a86848b56623044f1c6ba5f3/filter_stats_xml/readLenDist0_thumb.png with dpi 20
[INFO] 2020-06-23 15:48:05,726Z [pbreports.report.filter_stats_xml to_subread_lengths_plot 242] Plotting subread lengths
[INFO] 2020-06-23 15:48:05,766Z [pbreports.plot.helper _save_figures 337] Saving figure /bioinfo/users/talaeita/git/pacbio-smrtlink/pbRunQC/work/39/df5a83a86848b56623044f1c6ba5f3/filter_stats_xml/subread_lengths.png with dpi 350
[INFO] 2020-06-23 15:48:06,120Z [pbreports.plot.helper _save_figures 337] Saving figure /bioinfo/users/talaeita/git/pacbio-smrtlink/pbRunQC/work/39/df5a83a86848b56623044f1c6ba5f3/filter_stats_xml/subread_lengths_thumb.png with dpi 20
[INFO] 2020-06-23 15:48:06,187Z [pbreports.plot.helper _save_figures 337] Saving figure /bioinfo/users/talaeita/git/pacbio-smrtlink/pbRunQC/work/39/df5a83a86848b56623044f1c6ba5f3/filter_stats_xml/insertLenDist0.png with dpi 350
[INFO] 2020-06-23 15:48:06,535Z [pbreports.plot.helper _save_figures 337] Saving figure /bioinfo/users/talaeita/git/pacbio-smrtlink/pbRunQC/work/39/df5a83a86848b56623044f1c6ba5f3/filter_stats_xml/insertLenDist0_thumb.png with dpi 20
[INFO] 2020-06-23 15:48:06,567Z [pbreports.report.filter_stats_xml to_hexbin_plot 250] Plotting insert read lengths versus polymerase read lengths
[INFO] 2020-06-23 15:48:06,605Z [pbreports.plot.helper _save_figures 337] Saving figure /bioinfo/users/talaeita/git/pacbio-smrtlink/pbRunQC/work/39/df5a83a86848b56623044f1c6ba5f3/filter_stats_xml/hexbin_length_plot.png with dpi 350
[INFO] 2020-06-23 15:48:07,473Z [pbreports.plot.helper _save_figures 337] Saving figure /bioinfo/users/talaeita/git/pacbio-smrtlink/pbRunQC/work/39/df5a83a86848b56623044f1c6ba5f3/filter_stats_xml/hexbin_length_plot_thumb.png with dpi 20
[INFO] 2020-06-23 15:48:07,564Z [pbreports.report.filter_stats_xml to_base_yield_plot 258] Plotting base yield as a function of read length
[INFO] 2020-06-23 15:48:07,574Z [pbreports.plot.helper _save_figures 337] Saving figure /bioinfo/users/talaeita/git/pacbio-smrtlink/pbRunQC/work/39/df5a83a86848b56623044f1c6ba5f3/filter_stats_xml/base_yield_plot.png with dpi 350
[INFO] 2020-06-23 15:48:07,915Z [pbreports.plot.helper _save_figures 337] Saving figure /bioinfo/users/talaeita/git/pacbio-smrtlink/pbRunQC/work/39/df5a83a86848b56623044f1c6ba5f3/filter_stats_xml/base_yield_plot_thumb.png with dpi 20
[INFO] 2020-06-23 15:48:07,944Z [__main__ to_reports 45] Writing /bioinfo/users/talaeita/git/pacbio-smrtlink/pbRunQC/work/39/df5a83a86848b56623044f1c6ba5f3/filter_stats_xml/filter_stats_xml.json
[INFO] 2020-06-23 15:48:08,004Z [pbreports.plot.helper _save_figures 337] Saving figure /bioinfo/users/talaeita/git/pacbio-smrtlink/pbRunQC/work/39/df5a83a86848b56623044f1c6ba5f3/adapter_xml/interAdapterDist0.png with dpi 350
[INFO] 2020-06-23 15:48:08,352Z [pbreports.plot.helper _save_figures 337] Saving figure /bioinfo/users/talaeita/git/pacbio-smrtlink/pbRunQC/work/39/df5a83a86848b56623044f1c6ba5f3/adapter_xml/interAdapterDist0_thumb.png with dpi 20
[INFO] 2020-06-23 15:48:08,387Z [__main__ to_reports 45] Writing /bioinfo/users/talaeita/git/pacbio-smrtlink/pbRunQC/work/39/df5a83a86848b56623044f1c6ba5f3/adapter_xml/adapter_xml.json
[INFO] 2020-06-23 15:48:08,461Z [pbreports.plot.helper _save_figures 337] Saving figure /bioinfo/users/talaeita/git/pacbio-smrtlink/pbRunQC/work/39/df5a83a86848b56623044f1c6ba5f3/loading_xml/raw_read_length_plot.png with dpi 350
[INFO] 2020-06-23 15:48:08,812Z [pbreports.plot.helper _save_figures 337] Saving figure /bioinfo/users/talaeita/git/pacbio-smrtlink/pbRunQC/work/39/df5a83a86848b56623044f1c6ba5f3/loading_xml/raw_read_length_plot_thumb.png with dpi 20
[INFO] 2020-06-23 15:48:08,852Z [__main__ to_reports 45] Writing /bioinfo/users/talaeita/git/pacbio-smrtlink/pbRunQC/work/39/df5a83a86848b56623044f1c6ba5f3/loading_xml/loading_xml.json
[INFO] 2020-06-23 15:48:08,889Z [pbreports.plot.helper _save_figures 337] Saving figure /bioinfo/users/talaeita/git/pacbio-smrtlink/pbRunQC/work/39/df5a83a86848b56623044f1c6ba5f3/control/readlength_plot.png with dpi 350
[INFO] 2020-06-23 15:48:09,237Z [pbreports.plot.helper _save_figures 337] Saving figure /bioinfo/users/talaeita/git/pacbio-smrtlink/pbRunQC/work/39/df5a83a86848b56623044f1c6ba5f3/control/readlength_plot_thumb.png with dpi 20
[INFO] 2020-06-23 15:48:09,296Z [pbreports.plot.helper _save_figures 337] Saving figure /bioinfo/users/talaeita/git/pacbio-smrtlink/pbRunQC/work/39/df5a83a86848b56623044f1c6ba5f3/control/concordance_plot.png with dpi 350
[INFO] 2020-06-23 15:48:09,647Z [pbreports.plot.helper _save_figures 337] Saving figure /bioinfo/users/talaeita/git/pacbio-smrtlink/pbRunQC/work/39/df5a83a86848b56623044f1c6ba5f3/control/concordance_plot_thumb.png with dpi 20
[INFO] 2020-06-23 15:48:09,680Z [__main__ to_reports 45] Writing /bioinfo/users/talaeita/git/pacbio-smrtlink/pbRunQC/work/39/df5a83a86848b56623044f1c6ba5f3/control/control.json
[INFO] 2020-06-23 15:48:09,688Z [__main__ _pacbio_main_runner 199] exiting with return code 0 in 4.49 sec.
