[2020-06-17 12:16:14,049] multiqc                                            [DEBUG  ]  No MultiQC config found: /bioinfo/users/talaeita/work/envs_conda/curie-rawqc-2.0-dev/lib/python3.6/site-packages/multiqc_config.yaml
[2020-06-17 12:16:14,049] multiqc                                            [DEBUG  ]  No MultiQC config found: /data/users/talaeita/.multiqc_config.yaml
[2020-06-17 12:16:14,050] multiqc                                            [DEBUG  ]  No MultiQC config found: multiqc_config.yaml
[2020-06-17 12:16:14,053] multiqc                                            [DEBUG  ]  Loading config settings from: multiqc_config_overview.yaml
[2020-06-17 12:16:14,053] multiqc                                            [DEBUG  ]  New config 'report_header_info': [{'Run Name': 'R028'}, {'Run Id': 'r54063_20181211_143459'}, {'Instrument': 'Sequel 54063'}, {'Run Date': datetime.date(2018, 12, 11)}, {'CreatedBy': 'slameira'}]
[2020-06-17 12:16:14,091] multiqc                                            [DEBUG  ]  Loading config settings from: multiqc_config_image.yaml
[2020-06-17 12:16:14,091] multiqc                                            [DEBUG  ]  New config 'custom_logo_url': https://science.curie.fr/plateformes/sequencage-adn-haut-debit-ngs/
[2020-06-17 12:16:14,091] multiqc                                            [DEBUG  ]  New config 'custom_logo_title': Institut Curie
[2020-06-17 12:16:14,091] multiqc                                            [DEBUG  ]  New config 'output_fn_name': pbRunQC_report.html
[2020-06-17 12:16:14,091] multiqc                                            [DEBUG  ]  New config 'custom_data': {'subreads_stat': {'file_format': 'tsv', 'section_name': 'Status', 'description': 'first table.', 'plot_type': 'table', 'pconfig': {'id': 'subreads_stat', 'save_file': True, 'scale': False, 'col1_header': 'Well'}, 'headers': {'Wellcell_Name': {'title': 'Well Cell Name'}, 'Run_Name': {'title': 'Run Name'}, 'Data_Set': {'title': 'Data Set'}, 'Movie_Time': {'title': 'Movie Time', 'format': '{:,.0f}', 'suffix': ' hrs'}, 'Organism': {'title': 'Organism'}, 'Kit_Version': {'title': 'Kit Version'}, 'SMRT_Link_Version': {'title': 'SMRT Link Version'}, 'Metadata_Context_Id': {'title': 'Metadata Context Id'}}}, 'lengths_stat': {'file_format': 'tsv', 'section_name': 'Raw Data Report', 'description': 'length table.', 'plot_type': 'table', 'pconfig': {'id': 'lengths_stat', 'save_file': True, 'scale': False, 'col1_header': 'Well'}, 'headers': {'Polymerase_Read_Bases': {'title': 'Polymerase Read Bases', 'format': '{:,.0f}', 'scale': 'PuBu'}, 'Unique_Molecular_Yield': {'title': 'Unique Molecular Yield', 'format': '{:,.2f}', 'suffix': ' Gb'}, 'Polymerase_Reads': {'title': 'Polymerase Reads', 'format': '{:,.0f}'}, 'Polymerase_Read_Length': {'title': 'Polymerase Read Length (mean)', 'format': '{:,.0f}'}, 'Polymerase_Read_N50': {'title': 'Polymerase Read N50', 'format': '{:,.0f}'}, 'Subread_Length': {'title': 'Subread Length (mean)', 'format': '{:,.0f}'}, 'Subread_N50': {'title': 'Subread N50', 'format': '{:,.0f}'}, 'Insert_Length_subread_mean': {'title': 'Insert Length (mean)', 'format': '{:,.0f}'}, 'Insert_N50': {'title': 'Insert N50', 'format': '{:,.0f}'}}}, 'adapter_report': {'file_format': 'tsv', 'section_name': 'Adapter Report', 'description': 'Adapter table.', 'plot_type': 'table', 'pconfig': {'id': 'adapter_report', 'save_file': True, 'scale': False, 'col1_header': 'Well'}, 'headers': {'Adapter_Dimers': {'title': 'Adapter Dimers (0-10bp) %', 'format': '{:,.2f}', 'surffix': ' %'}, 'Short_Inserts': {'title': 'Short Inserts (11-100bp) %', 'format': '{:,.2f}', 'suffix': ' %'}, 'Local_Base_Rate': {'title': 'Local Base Rate', 'description': 'Average base incorporation rate', 'format': '{:,.2f}', 'scale': 'PuBu'}}}, 'control_report': {'file_format': 'tsv', 'section_name': 'Control Report', 'description': 'Control table.', 'plot_type': 'table', 'pconfig': {'id': 'control_report', 'save_file': True, 'scale': False, 'col1_header': 'Well'}, 'headers': {'Number_of_of_Control_Reads': {'title': 'Number Of Control Reads', 'format': '{:,.0f}', 'scale': 'PuBu'}, 'Control_Read_Length_Mean': {'title': 'Control Read Length Mean', 'format': '{:,.0f}'}, 'Control_Read_Concordance_Mean': {'title': 'Control Read Concordance Mean', 'format': '{:,.2f}'}, 'Control_Read_Concordance_Mode': {'title': 'Control Read Concordance Mode', 'format': '{:,.2f}'}}}, 'loading_report': {'file_format': 'tsv', 'section_name': 'Loading Statistics', 'description': 'productivity table.', 'plot_type': 'table', 'pconfig': {'id': 'loading_report', 'save_file': True, 'scale': False, 'col1_header': 'Well'}, 'headers': {'Productive_ZMWs': {'title': 'Productive ZMWs', 'format': '{:,.0f}', 'scale': 'PuBu', 'description': 'productive ZMWs'}, 'Productivity_0': {'title': 'Productivity 0', 'description': 'empty ZMWs', 'format': '{:,.0f}'}, 'P0': {'title': '%', 'description': 'percentage empty ZMWs', 'format': '{:,.2f}', 'suffix': ' %'}, 'Productivity_1': {'title': 'Productivity 1', 'description': 'ZMW with a high quality read detected', 'format': '{:,.2f}'}, 'P1': {'title': '%', 'format': '{:,.2f}', 'suffix': ' %', 'description': 'percentage ZMW with a high quality read detected'}, 'Productivity_2': {'title': 'Productivity 2', 'description': 'other: no high quality', 'format': '{:,.2f}'}, 'P2': {'title': '%', 'description': 'percentage no high quality', 'format': '{:,.2f}', 'suffix': ' %'}}}, 'productivity_stat': {'id': 'productivity_stat', 'file_format': 'tsv', 'section_name': 'Productivity', 'description': 'productivity_stat', 'plot_type': 'bargraph', 'pconfig': {'id': 'barplot_config_only', 'title': 'Productivity'}}, 'result_sprite': {'file_format': '_mqc.png', 'section_name': 'Image_1', 'description': 'Raw Data plots.'}}
[2020-06-17 12:16:14,092] multiqc                                            [DEBUG  ]  Added to filename patterns: {'result_sprite': {'fn': 'result2multiqc_mqc.png'}, 'subreads_stat': {'fn': '*_subreads.txt'}, 'lengths_stat': {'fn': '*_lengths.txt'}, 'loading_report': {'fn': '*_loading.txt'}, 'productivity_stat': {'fn': '*_productivity.txt'}, 'adapter_report': {'fn': '*_adapter.txt'}, 'control_report': {'fn': '*_control.txt'}}
[2020-06-17 12:16:14,092] multiqc                                            [DEBUG  ]  New config 'custom_plot_config': {'barplot_config_only': {'P0': {'color': '#d84e2f'}, 'P1': {'color': '#10b55f'}, 'P2': {'color': '#787878'}}}
[2020-06-17 12:16:14,092] multiqc                                            [DEBUG  ]  New config 'table_cond_formatting_rules': {'P1': {'pass': [{'gt': 40}], 'warn': [{'gt': 70}], 'fail': [{'lt': 40}]}}
[2020-06-17 12:16:14,092] multiqc                                            [DEBUG  ]  New config 'table_columns_placement': {'lengths_stat': {'Well': 900, 'Polymerase_Read_Bases': 910, 'Unique_Molecular_Yield': 1000, 'Polymerase_Reads': 920, 'Polymerase_Read_Length': 930, 'Polymerase_Read_N50': 940, 'Subread_Length': 950, 'Subread_N50': 960, 'Insert_Length': 970, 'Insert_N50': 990}, 'subreads_stat': {'Well': 900, 'Wellcell_Name': 910, 'Run_Name': 920, 'Data_Set': 930, 'Movie_Time': 940, 'Organism': 950, 'Kit_Version': 960, 'SMRT_Link_Version': 970, 'Metadata_Context_Id': 980}, 'adapter_report': {'Well': 900, 'Adapter_Dimers': 910, 'Short_Inserts': 930, 'Local_Base_Rate': 950}, 'control_report': {'Well': 900, 'Number_of_of_Control_Reads': 910, 'Control_Read_Length_Mean': 930, 'Control_Read_Concordance_Mean': 940, 'Control_Read_Concordance_Mode': 950}, 'loading_report': {'Well': 900, 'Productive_ZMWs': 910, 'Productivity_0': 920, 'P0': 930, 'Productivity_1': 950, 'P1': 960, 'Productivity_2': 980, 'P2': 1000}}
[2020-06-17 12:16:14,092] multiqc                                            [DEBUG  ]  Command used: /data/users/talaeita/work/envs_conda/curie-rawqc-2.0-dev/bin/multiqc makeReport/m54063_181211_144629_adapter.txt makeReport/m54063_181211_144629_control.txt makeReport/m54063_181211_144629_lengths.txt makeReport/m54063_181211_144629_loading.txt makeReport/m54063_181211_144629_overview.txt makeReport/m54063_181211_144629_productivity.txt makeReport/m54063_181211_144629_subreads.txt makeReport/m54063_181212_010613_adapter.txt makeReport/m54063_181212_010613_control.txt makeReport/m54063_181212_010613_lengths.txt makeReport/m54063_181212_010613_loading.txt makeReport/m54063_181212_010613_overview.txt makeReport/m54063_181212_010613_productivity.txt makeReport/m54063_181212_010613_subreads.txt makeReport/m54063_181212_112538_adapter.txt makeReport/m54063_181212_112538_control.txt makeReport/m54063_181212_112538_lengths.txt makeReport/m54063_181212_112538_loading.txt makeReport/m54063_181212_112538_overview.txt makeReport/m54063_181212_112538_productivity.txt makeReport/m54063_181212_112538_subreads.txt subreads_reports/1_A01_mqc.png subreads_reports/2_B01_mqc.png subreads_reports/3_C01_mqc.png -f -c multiqc_config_overview.yaml -c multiqc_config_image.yaml
[2020-06-17 12:16:14,388] multiqc                                            [WARNING]  MultiQC Version v1.9 now available!
[2020-06-17 12:16:14,389] multiqc                                            [INFO   ]  This is MultiQC v1.8
[2020-06-17 12:16:14,389] multiqc                                            [DEBUG  ]  Command     : /data/users/talaeita/work/envs_conda/curie-rawqc-2.0-dev/bin/multiqc makeReport/m54063_181211_144629_adapter.txt makeReport/m54063_181211_144629_control.txt makeReport/m54063_181211_144629_lengths.txt makeReport/m54063_181211_144629_loading.txt makeReport/m54063_181211_144629_overview.txt makeReport/m54063_181211_144629_productivity.txt makeReport/m54063_181211_144629_subreads.txt makeReport/m54063_181212_010613_adapter.txt makeReport/m54063_181212_010613_control.txt makeReport/m54063_181212_010613_lengths.txt makeReport/m54063_181212_010613_loading.txt makeReport/m54063_181212_010613_overview.txt makeReport/m54063_181212_010613_productivity.txt makeReport/m54063_181212_010613_subreads.txt makeReport/m54063_181212_112538_adapter.txt makeReport/m54063_181212_112538_control.txt makeReport/m54063_181212_112538_lengths.txt makeReport/m54063_181212_112538_loading.txt makeReport/m54063_181212_112538_overview.txt makeReport/m54063_181212_112538_productivity.txt makeReport/m54063_181212_112538_subreads.txt subreads_reports/1_A01_mqc.png subreads_reports/2_B01_mqc.png subreads_reports/3_C01_mqc.png -f -c multiqc_config_overview.yaml -c multiqc_config_image.yaml
[2020-06-17 12:16:14,389] multiqc                                            [DEBUG  ]  Working dir : /bioinfo/users/talaeita/git/pacbio-smrtlink/pbRunQC/work/0e/e85b3f0d75c8b9284b248fd7886ddb
[2020-06-17 12:16:14,389] multiqc                                            [INFO   ]  Template    : default
[2020-06-17 12:16:14,389] multiqc                                            [DEBUG  ]  Running Python 3.6.7 | packaged by conda-forge | (default, Nov  6 2019, 16:19:42)  [GCC 7.3.0]
[2020-06-17 12:16:14,389] multiqc                                            [INFO   ]  Searching   : /bioinfo/users/talaeita/git/pacbio-smrtlink/pbRunQC/work/0e/e85b3f0d75c8b9284b248fd7886ddb/makeReport/m54063_181211_144629_adapter.txt
[2020-06-17 12:16:14,389] multiqc                                            [INFO   ]  Searching   : /bioinfo/users/talaeita/git/pacbio-smrtlink/pbRunQC/work/0e/e85b3f0d75c8b9284b248fd7886ddb/makeReport/m54063_181211_144629_control.txt
[2020-06-17 12:16:14,389] multiqc                                            [INFO   ]  Searching   : /bioinfo/users/talaeita/git/pacbio-smrtlink/pbRunQC/work/0e/e85b3f0d75c8b9284b248fd7886ddb/makeReport/m54063_181211_144629_lengths.txt
[2020-06-17 12:16:14,389] multiqc                                            [INFO   ]  Searching   : /bioinfo/users/talaeita/git/pacbio-smrtlink/pbRunQC/work/0e/e85b3f0d75c8b9284b248fd7886ddb/makeReport/m54063_181211_144629_loading.txt
[2020-06-17 12:16:14,389] multiqc                                            [INFO   ]  Searching   : /bioinfo/users/talaeita/git/pacbio-smrtlink/pbRunQC/work/0e/e85b3f0d75c8b9284b248fd7886ddb/makeReport/m54063_181211_144629_overview.txt
[2020-06-17 12:16:14,389] multiqc                                            [INFO   ]  Searching   : /bioinfo/users/talaeita/git/pacbio-smrtlink/pbRunQC/work/0e/e85b3f0d75c8b9284b248fd7886ddb/makeReport/m54063_181211_144629_productivity.txt
[2020-06-17 12:16:14,389] multiqc                                            [INFO   ]  Searching   : /bioinfo/users/talaeita/git/pacbio-smrtlink/pbRunQC/work/0e/e85b3f0d75c8b9284b248fd7886ddb/makeReport/m54063_181211_144629_subreads.txt
[2020-06-17 12:16:14,389] multiqc                                            [INFO   ]  Searching   : /bioinfo/users/talaeita/git/pacbio-smrtlink/pbRunQC/work/0e/e85b3f0d75c8b9284b248fd7886ddb/makeReport/m54063_181212_010613_adapter.txt
[2020-06-17 12:16:14,389] multiqc                                            [INFO   ]  Searching   : /bioinfo/users/talaeita/git/pacbio-smrtlink/pbRunQC/work/0e/e85b3f0d75c8b9284b248fd7886ddb/makeReport/m54063_181212_010613_control.txt
[2020-06-17 12:16:14,390] multiqc                                            [INFO   ]  Searching   : /bioinfo/users/talaeita/git/pacbio-smrtlink/pbRunQC/work/0e/e85b3f0d75c8b9284b248fd7886ddb/makeReport/m54063_181212_010613_lengths.txt
[2020-06-17 12:16:14,390] multiqc                                            [INFO   ]  Searching   : /bioinfo/users/talaeita/git/pacbio-smrtlink/pbRunQC/work/0e/e85b3f0d75c8b9284b248fd7886ddb/makeReport/m54063_181212_010613_loading.txt
[2020-06-17 12:16:14,390] multiqc                                            [INFO   ]  Searching   : /bioinfo/users/talaeita/git/pacbio-smrtlink/pbRunQC/work/0e/e85b3f0d75c8b9284b248fd7886ddb/makeReport/m54063_181212_010613_overview.txt
[2020-06-17 12:16:14,390] multiqc                                            [INFO   ]  Searching   : /bioinfo/users/talaeita/git/pacbio-smrtlink/pbRunQC/work/0e/e85b3f0d75c8b9284b248fd7886ddb/makeReport/m54063_181212_010613_productivity.txt
[2020-06-17 12:16:14,390] multiqc                                            [INFO   ]  Searching   : /bioinfo/users/talaeita/git/pacbio-smrtlink/pbRunQC/work/0e/e85b3f0d75c8b9284b248fd7886ddb/makeReport/m54063_181212_010613_subreads.txt
[2020-06-17 12:16:14,390] multiqc                                            [INFO   ]  Searching   : /bioinfo/users/talaeita/git/pacbio-smrtlink/pbRunQC/work/0e/e85b3f0d75c8b9284b248fd7886ddb/makeReport/m54063_181212_112538_adapter.txt
[2020-06-17 12:16:14,390] multiqc                                            [INFO   ]  Searching   : /bioinfo/users/talaeita/git/pacbio-smrtlink/pbRunQC/work/0e/e85b3f0d75c8b9284b248fd7886ddb/makeReport/m54063_181212_112538_control.txt
[2020-06-17 12:16:14,390] multiqc                                            [INFO   ]  Searching   : /bioinfo/users/talaeita/git/pacbio-smrtlink/pbRunQC/work/0e/e85b3f0d75c8b9284b248fd7886ddb/makeReport/m54063_181212_112538_lengths.txt
[2020-06-17 12:16:14,390] multiqc                                            [INFO   ]  Searching   : /bioinfo/users/talaeita/git/pacbio-smrtlink/pbRunQC/work/0e/e85b3f0d75c8b9284b248fd7886ddb/makeReport/m54063_181212_112538_loading.txt
[2020-06-17 12:16:14,390] multiqc                                            [INFO   ]  Searching   : /bioinfo/users/talaeita/git/pacbio-smrtlink/pbRunQC/work/0e/e85b3f0d75c8b9284b248fd7886ddb/makeReport/m54063_181212_112538_overview.txt
[2020-06-17 12:16:14,390] multiqc                                            [INFO   ]  Searching   : /bioinfo/users/talaeita/git/pacbio-smrtlink/pbRunQC/work/0e/e85b3f0d75c8b9284b248fd7886ddb/makeReport/m54063_181212_112538_productivity.txt
[2020-06-17 12:16:14,390] multiqc                                            [INFO   ]  Searching   : /bioinfo/users/talaeita/git/pacbio-smrtlink/pbRunQC/work/0e/e85b3f0d75c8b9284b248fd7886ddb/makeReport/m54063_181212_112538_subreads.txt
[2020-06-17 12:16:14,390] multiqc                                            [INFO   ]  Searching   : /bioinfo/users/talaeita/git/pacbio-smrtlink/pbRunQC/work/0e/e85b3f0d75c8b9284b248fd7886ddb/subreads_reports/1_A01_mqc.png
[2020-06-17 12:16:14,390] multiqc                                            [INFO   ]  Searching   : /bioinfo/users/talaeita/git/pacbio-smrtlink/pbRunQC/work/0e/e85b3f0d75c8b9284b248fd7886ddb/subreads_reports/2_B01_mqc.png
[2020-06-17 12:16:14,390] multiqc                                            [INFO   ]  Searching   : /bioinfo/users/talaeita/git/pacbio-smrtlink/pbRunQC/work/0e/e85b3f0d75c8b9284b248fd7886ddb/subreads_reports/3_C01_mqc.png
[2020-06-17 12:16:14,391] multiqc                                            [DEBUG  ]  Analysing modules: custom_content, conpair, peddy, methylQA, phantompeakqualtools, qualimap, preseq, quast, qorts, rna_seqc, rsem, rseqc, busco, goleft_indexcov, disambiguate, supernova, deeptools, sargasso, verifybamid, mirtrace, happy, homer, macs2, theta2, snpeff, gatk, htseq, bcftools, featureCounts, fgbio, dedup, damageprofiler, biobambam2, mtnucratio, picard, prokka, samblaster, samtools, sexdeterrmine, bamtools, jellyfish, vcftools, longranger, stacks, bbmap, bismark, biscuit, hicexplorer, hicup, hicpro, salmon, kallisto, slamdunk, star, hisat2, tophat, bowtie2, bowtie1, kat, leehom, adapterRemoval, clipandmerge, cutadapt, flexbar, trimmomatic, skewer, sortmerna, biobloomtools, fastq_screen, afterqc, fastp, fastqc, minionqc, mosdepth, clusterflow, bcl2fastq, interop, flash, seqyclean
[2020-06-17 12:16:14,391] multiqc                                            [DEBUG  ]  Using temporary directory for creating report: /tmp/tmpwnkmgvch
[2020-06-17 12:16:15,275] multiqc.plots.bargraph                             [DEBUG  ]  Using matplotlib version 3.1.1
[2020-06-17 12:16:15,276] multiqc.plots.linegraph                            [DEBUG  ]  Using matplotlib version 3.1.1
[2020-06-17 12:16:15,338] multiqc.modules.custom_content.custom_content      [DEBUG  ]  No samples found: custom content (result_sprite)
[2020-06-17 12:16:15,339] multiqc.modules.custom_content.custom_content      [INFO   ]  subreads_stat: Found 3 samples (table)
[2020-06-17 12:16:15,341] multiqc.modules.custom_content.custom_content      [INFO   ]  lengths_stat: Found 3 samples (table)
[2020-06-17 12:16:15,343] multiqc.modules.custom_content.custom_content      [INFO   ]  adapter_report: Found 3 samples (table)
[2020-06-17 12:16:15,344] multiqc.modules.custom_content.custom_content      [INFO   ]  control_report: Found 3 samples (table)
[2020-06-17 12:16:15,345] multiqc.modules.custom_content.custom_content      [INFO   ]  loading_report: Found 3 samples (table)
[2020-06-17 12:16:15,347] multiqc.modules.custom_content.custom_content      [INFO   ]  productivity_stat: Found 3 samples (bargraph)
[2020-06-17 12:16:15,348] multiqc.modules.custom_content.custom_content      [INFO   ]  1_A01: Found 1 sample (image)
[2020-06-17 12:16:15,348] multiqc.modules.custom_content.custom_content      [INFO   ]  2_B01: Found 1 sample (image)
[2020-06-17 12:16:15,348] multiqc.modules.custom_content.custom_content      [INFO   ]  3_C01: Found 1 sample (image)
[2020-06-17 12:16:15,355] multiqc                                            [DEBUG  ]  No samples found: conpair
[2020-06-17 12:16:15,361] multiqc                                            [DEBUG  ]  No samples found: peddy
[2020-06-17 12:16:15,366] multiqc                                            [DEBUG  ]  No samples found: methylQA
[2020-06-17 12:16:15,371] multiqc                                            [DEBUG  ]  No samples found: phantompeakqualtools
[2020-06-17 12:16:15,380] multiqc                                            [DEBUG  ]  No samples found: qualimap
[2020-06-17 12:16:15,385] multiqc                                            [DEBUG  ]  No samples found: preseq
[2020-06-17 12:16:15,391] multiqc                                            [DEBUG  ]  No samples found: quast
[2020-06-17 12:16:15,397] multiqc                                            [DEBUG  ]  No samples found: qorts
[2020-06-17 12:16:15,403] multiqc                                            [DEBUG  ]  No samples found: rna_seqc
[2020-06-17 12:16:15,409] multiqc                                            [DEBUG  ]  No samples found: rsem
[2020-06-17 12:16:15,426] multiqc                                            [DEBUG  ]  No samples found: rseqc
[2020-06-17 12:16:15,431] multiqc                                            [DEBUG  ]  No samples found: busco
[2020-06-17 12:16:15,438] multiqc                                            [DEBUG  ]  No samples found: goleft_indexcov
[2020-06-17 12:16:15,443] multiqc                                            [DEBUG  ]  No samples found: disambiguate
[2020-06-17 12:16:15,449] multiqc                                            [DEBUG  ]  No samples found: supernova
[2020-06-17 12:16:15,466] multiqc                                            [DEBUG  ]  No samples found: deeptools
[2020-06-17 12:16:15,472] multiqc                                            [DEBUG  ]  No samples found: sargasso
[2020-06-17 12:16:15,478] multiqc                                            [DEBUG  ]  No samples found: verifybamid
[2020-06-17 12:16:15,484] multiqc                                            [DEBUG  ]  No samples found: mirtrace
[2020-06-17 12:16:15,489] multiqc                                            [DEBUG  ]  No samples found: happy
[2020-06-17 12:16:15,498] multiqc                                            [DEBUG  ]  No samples found: homer
[2020-06-17 12:16:15,504] multiqc                                            [DEBUG  ]  No samples found: macs2
[2020-06-17 12:16:15,510] multiqc                                            [DEBUG  ]  No samples found: theta2
[2020-06-17 12:16:15,515] multiqc                                            [DEBUG  ]  No samples found: snpeff
[2020-06-17 12:16:15,524] multiqc                                            [DEBUG  ]  No samples found: gatk
[2020-06-17 12:16:15,530] multiqc                                            [DEBUG  ]  No samples found: htseq
[2020-06-17 12:16:15,537] multiqc                                            [DEBUG  ]  No samples found: bcftools
[2020-06-17 12:16:15,542] multiqc                                            [DEBUG  ]  No samples found: featureCounts
[2020-06-17 12:16:15,549] multiqc                                            [DEBUG  ]  No samples found: fgbio
[2020-06-17 12:16:15,555] multiqc                                            [DEBUG  ]  No samples found: dedup
[2020-06-17 12:16:15,560] multiqc                                            [DEBUG  ]  No samples found: damageprofiler
[2020-06-17 12:16:15,587] multiqc                                            [DEBUG  ]  No samples found: biobambam2
[2020-06-17 12:16:15,593] multiqc                                            [DEBUG  ]  No samples found: mtnucratio
[2020-06-17 12:16:15,595] multiqc                                            [DEBUG  ]  No samples found: picard
[2020-06-17 12:16:15,600] multiqc                                            [DEBUG  ]  No samples found: prokka
[2020-06-17 12:16:15,606] multiqc                                            [DEBUG  ]  No samples found: samblaster
[2020-06-17 12:16:15,616] multiqc                                            [DEBUG  ]  No samples found: samtools
[2020-06-17 12:16:15,622] multiqc                                            [DEBUG  ]  No samples found: sexdeterrmine
[2020-06-17 12:16:15,630] multiqc                                            [DEBUG  ]  No samples found: bamtools
[2020-06-17 12:16:15,636] multiqc                                            [DEBUG  ]  No samples found: jellyfish
[2020-06-17 12:16:15,646] multiqc                                            [DEBUG  ]  No samples found: vcftools
[2020-06-17 12:16:15,652] multiqc                                            [DEBUG  ]  No samples found: longranger
[2020-06-17 12:16:15,658] multiqc                                            [DEBUG  ]  No samples found: stacks
[2020-06-17 12:16:15,680] multiqc                                            [DEBUG  ]  No samples found: bbmap
[2020-06-17 12:16:15,686] multiqc                                            [DEBUG  ]  No samples found: bismark
[2020-06-17 12:16:15,693] multiqc                                            [DEBUG  ]  No samples found: biscuit
[2020-06-17 12:16:15,699] multiqc                                            [DEBUG  ]  No samples found: hicexplorer
[2020-06-17 12:16:15,705] multiqc                                            [DEBUG  ]  No samples found: hicup
[2020-06-17 12:16:15,711] multiqc                                            [DEBUG  ]  No samples found: hicpro
[2020-06-17 12:16:15,716] multiqc                                            [DEBUG  ]  No samples found: salmon
[2020-06-17 12:16:15,722] multiqc                                            [DEBUG  ]  No samples found: kallisto
[2020-06-17 12:16:15,728] multiqc                                            [DEBUG  ]  No samples found: slamdunk
[2020-06-17 12:16:15,733] multiqc                                            [DEBUG  ]  No samples found: star
[2020-06-17 12:16:15,739] multiqc                                            [DEBUG  ]  No samples found: hisat2
[2020-06-17 12:16:15,744] multiqc                                            [DEBUG  ]  No samples found: tophat
[2020-06-17 12:16:15,750] multiqc                                            [DEBUG  ]  No samples found: bowtie2
[2020-06-17 12:16:15,755] multiqc                                            [DEBUG  ]  No samples found: bowtie1
[2020-06-17 12:16:15,760] multiqc                                            [DEBUG  ]  No samples found: kat
[2020-06-17 12:16:15,766] multiqc                                            [DEBUG  ]  No samples found: leehom
[2020-06-17 12:16:15,771] multiqc                                            [DEBUG  ]  No samples found: adapterRemoval
[2020-06-17 12:16:15,777] multiqc                                            [DEBUG  ]  No samples found: clipandmerge
[2020-06-17 12:16:15,783] multiqc                                            [DEBUG  ]  No samples found: cutadapt
[2020-06-17 12:16:15,788] multiqc                                            [DEBUG  ]  No samples found: flexbar
[2020-06-17 12:16:15,794] multiqc                                            [DEBUG  ]  No samples found: trimmomatic
[2020-06-17 12:16:15,799] multiqc                                            [DEBUG  ]  No samples found: skewer
[2020-06-17 12:16:15,804] multiqc                                            [DEBUG  ]  No samples found: sortmerna
[2020-06-17 12:16:15,810] multiqc                                            [DEBUG  ]  No samples found: biobloomtools
[2020-06-17 12:16:15,815] multiqc                                            [DEBUG  ]  No samples found: fastq_screen
[2020-06-17 12:16:15,821] multiqc                                            [DEBUG  ]  No samples found: afterqc
[2020-06-17 12:16:15,827] multiqc                                            [DEBUG  ]  No samples found: fastp
[2020-06-17 12:16:15,833] multiqc                                            [DEBUG  ]  No samples found: fastqc
[2020-06-17 12:16:15,838] multiqc                                            [DEBUG  ]  No samples found: minionqc
[2020-06-17 12:16:15,843] multiqc                                            [DEBUG  ]  No samples found: mosdepth
[2020-06-17 12:16:15,849] multiqc                                            [DEBUG  ]  No samples found: clusterflow
[2020-06-17 12:16:15,854] multiqc                                            [DEBUG  ]  No samples found: bcl2fastq
[2020-06-17 12:16:15,860] multiqc                                            [DEBUG  ]  No samples found: interop
[2020-06-17 12:16:15,865] multiqc                                            [DEBUG  ]  No samples found: flash
[2020-06-17 12:16:15,870] multiqc                                            [DEBUG  ]  No samples found: seqyclean
[2020-06-17 12:16:15,871] multiqc                                            [INFO   ]  Compressing plot data
[2020-06-17 12:16:15,872] multiqc                                            [WARNING]  Couldn't export data key 'config.report_header_info'
[2020-06-17 12:16:15,873] multiqc                                            [INFO   ]  Report      : pbRunQC_report.html
[2020-06-17 12:16:15,873] multiqc                                            [INFO   ]  Data        : multiqc_data
[2020-06-17 12:16:15,875] multiqc                                            [DEBUG  ]  Moving data file from '/tmp/tmpwnkmgvch/multiqc_data/multiqc_data.json' to '/bioinfo/users/talaeita/git/pacbio-smrtlink/pbRunQC/work/0e/e85b3f0d75c8b9284b248fd7886ddb/multiqc_data'
[2020-06-17 12:16:15,883] multiqc                                            [DEBUG  ]  Moving data file from '/tmp/tmpwnkmgvch/multiqc_data/multiqc_sources.txt' to '/bioinfo/users/talaeita/git/pacbio-smrtlink/pbRunQC/work/0e/e85b3f0d75c8b9284b248fd7886ddb/multiqc_data'
[2020-06-17 12:16:15,890] multiqc                                            [DEBUG  ]  Moving data file from '/tmp/tmpwnkmgvch/multiqc_data/multiqc_qualimap_bamqc_genome_results.txt' to '/bioinfo/users/talaeita/git/pacbio-smrtlink/pbRunQC/work/0e/e85b3f0d75c8b9284b248fd7886ddb/multiqc_data'
[2020-06-17 12:16:15,897] multiqc                                            [DEBUG  ]  Moving data file from '/tmp/tmpwnkmgvch/multiqc_data/multiqc_loading_statistics.txt' to '/bioinfo/users/talaeita/git/pacbio-smrtlink/pbRunQC/work/0e/e85b3f0d75c8b9284b248fd7886ddb/multiqc_data'
[2020-06-17 12:16:15,903] multiqc                                            [DEBUG  ]  Moving data file from '/tmp/tmpwnkmgvch/multiqc_data/multiqc_loading_report-1.txt' to '/bioinfo/users/talaeita/git/pacbio-smrtlink/pbRunQC/work/0e/e85b3f0d75c8b9284b248fd7886ddb/multiqc_data'
[2020-06-17 12:16:15,910] multiqc                                            [DEBUG  ]  Moving data file from '/tmp/tmpwnkmgvch/multiqc_data/multiqc_control_report.txt' to '/bioinfo/users/talaeita/git/pacbio-smrtlink/pbRunQC/work/0e/e85b3f0d75c8b9284b248fd7886ddb/multiqc_data'
[2020-06-17 12:16:15,917] multiqc                                            [DEBUG  ]  Moving data file from '/tmp/tmpwnkmgvch/multiqc_data/multiqc_control_report-1.txt' to '/bioinfo/users/talaeita/git/pacbio-smrtlink/pbRunQC/work/0e/e85b3f0d75c8b9284b248fd7886ddb/multiqc_data'
[2020-06-17 12:16:15,924] multiqc                                            [DEBUG  ]  Moving data file from '/tmp/tmpwnkmgvch/multiqc_data/multiqc_adapter_report.txt' to '/bioinfo/users/talaeita/git/pacbio-smrtlink/pbRunQC/work/0e/e85b3f0d75c8b9284b248fd7886ddb/multiqc_data'
[2020-06-17 12:16:15,932] multiqc                                            [DEBUG  ]  Moving data file from '/tmp/tmpwnkmgvch/multiqc_data/multiqc_adapter_report-1.txt' to '/bioinfo/users/talaeita/git/pacbio-smrtlink/pbRunQC/work/0e/e85b3f0d75c8b9284b248fd7886ddb/multiqc_data'
[2020-06-17 12:16:15,940] multiqc                                            [DEBUG  ]  Moving data file from '/tmp/tmpwnkmgvch/multiqc_data/multiqc_raw_data_report.txt' to '/bioinfo/users/talaeita/git/pacbio-smrtlink/pbRunQC/work/0e/e85b3f0d75c8b9284b248fd7886ddb/multiqc_data'
[2020-06-17 12:16:15,947] multiqc                                            [DEBUG  ]  Moving data file from '/tmp/tmpwnkmgvch/multiqc_data/multiqc_lengths_stat-1.txt' to '/bioinfo/users/talaeita/git/pacbio-smrtlink/pbRunQC/work/0e/e85b3f0d75c8b9284b248fd7886ddb/multiqc_data'
[2020-06-17 12:16:15,955] multiqc                                            [DEBUG  ]  Moving data file from '/tmp/tmpwnkmgvch/multiqc_data/multiqc_status.txt' to '/bioinfo/users/talaeita/git/pacbio-smrtlink/pbRunQC/work/0e/e85b3f0d75c8b9284b248fd7886ddb/multiqc_data'
[2020-06-17 12:16:15,962] multiqc                                            [DEBUG  ]  Moving data file from '/tmp/tmpwnkmgvch/multiqc_data/multiqc_subreads_stat-1.txt' to '/bioinfo/users/talaeita/git/pacbio-smrtlink/pbRunQC/work/0e/e85b3f0d75c8b9284b248fd7886ddb/multiqc_data'
[2020-06-17 12:16:16,232] multiqc                                            [INFO   ]  MultiQC complete
