[INFO] 2020-06-23 15:51:42,014Z [__main__ _pacbio_main_runner 159] Using pbcommand v1.9.2
[INFO] 2020-06-23 15:51:42,014Z [__main__ _pacbio_main_runner 160] completed setting up logger with <function setup_log at 0x7fc475a82b18>
[INFO] 2020-06-23 15:51:42,014Z [__main__ _pacbio_main_runner 161] log opts {'file_name': None, 'level': 20}
[INFO] 2020-06-23 15:51:42,014Z [__main__ to_reports 30] Loading /bioinfo/users/talaeita/git/pacbio-smrtlink/pbRunQC/work/a4/09a3f4aa91af3439499291094a236c/m54063_181212_112538.subreadset.xml
[INFO] 2020-06-23 15:51:42,100Z [pbreports.report.filter_stats_xml to_report_impl 307] Unique molecular yield from sts.xml: None
[INFO] 2020-06-23 15:51:42,100Z [pbreports.report.filter_stats_xml to_report_impl 309] Computing metrics from .pbi file
[INFO] 2020-06-23 15:51:42,152Z [pbreports.plot.helper _save_figures 337] Saving figure /bioinfo/users/talaeita/git/pacbio-smrtlink/pbRunQC/work/a4/09a3f4aa91af3439499291094a236c/filter_stats_xml/readLenDist0.png with dpi 350
[INFO] 2020-06-23 15:51:42,511Z [pbreports.plot.helper _save_figures 337] Saving figure /bioinfo/users/talaeita/git/pacbio-smrtlink/pbRunQC/work/a4/09a3f4aa91af3439499291094a236c/filter_stats_xml/readLenDist0_thumb.png with dpi 20
[INFO] 2020-06-23 15:51:42,541Z [pbreports.report.filter_stats_xml to_subread_lengths_plot 242] Plotting subread lengths
[INFO] 2020-06-23 15:51:42,568Z [pbreports.plot.helper _save_figures 337] Saving figure /bioinfo/users/talaeita/git/pacbio-smrtlink/pbRunQC/work/a4/09a3f4aa91af3439499291094a236c/filter_stats_xml/subread_lengths.png with dpi 350
[INFO] 2020-06-23 15:51:42,912Z [pbreports.plot.helper _save_figures 337] Saving figure /bioinfo/users/talaeita/git/pacbio-smrtlink/pbRunQC/work/a4/09a3f4aa91af3439499291094a236c/filter_stats_xml/subread_lengths_thumb.png with dpi 20
[INFO] 2020-06-23 15:51:42,972Z [pbreports.plot.helper _save_figures 337] Saving figure /bioinfo/users/talaeita/git/pacbio-smrtlink/pbRunQC/work/a4/09a3f4aa91af3439499291094a236c/filter_stats_xml/insertLenDist0.png with dpi 350
[INFO] 2020-06-23 15:51:43,322Z [pbreports.plot.helper _save_figures 337] Saving figure /bioinfo/users/talaeita/git/pacbio-smrtlink/pbRunQC/work/a4/09a3f4aa91af3439499291094a236c/filter_stats_xml/insertLenDist0_thumb.png with dpi 20
[INFO] 2020-06-23 15:51:43,355Z [pbreports.report.filter_stats_xml to_hexbin_plot 250] Plotting insert read lengths versus polymerase read lengths
[INFO] 2020-06-23 15:51:43,393Z [pbreports.plot.helper _save_figures 337] Saving figure /bioinfo/users/talaeita/git/pacbio-smrtlink/pbRunQC/work/a4/09a3f4aa91af3439499291094a236c/filter_stats_xml/hexbin_length_plot.png with dpi 350
[INFO] 2020-06-23 15:51:44,254Z [pbreports.plot.helper _save_figures 337] Saving figure /bioinfo/users/talaeita/git/pacbio-smrtlink/pbRunQC/work/a4/09a3f4aa91af3439499291094a236c/filter_stats_xml/hexbin_length_plot_thumb.png with dpi 20
[INFO] 2020-06-23 15:51:44,355Z [pbreports.report.filter_stats_xml to_base_yield_plot 258] Plotting base yield as a function of read length
[INFO] 2020-06-23 15:51:44,372Z [pbreports.plot.helper _save_figures 337] Saving figure /bioinfo/users/talaeita/git/pacbio-smrtlink/pbRunQC/work/a4/09a3f4aa91af3439499291094a236c/filter_stats_xml/base_yield_plot.png with dpi 350
[INFO] 2020-06-23 15:51:44,712Z [pbreports.plot.helper _save_figures 337] Saving figure /bioinfo/users/talaeita/git/pacbio-smrtlink/pbRunQC/work/a4/09a3f4aa91af3439499291094a236c/filter_stats_xml/base_yield_plot_thumb.png with dpi 20
[INFO] 2020-06-23 15:51:44,743Z [__main__ to_reports 45] Writing /bioinfo/users/talaeita/git/pacbio-smrtlink/pbRunQC/work/a4/09a3f4aa91af3439499291094a236c/filter_stats_xml/filter_stats_xml.json
[INFO] 2020-06-23 15:51:44,803Z [pbreports.plot.helper _save_figures 337] Saving figure /bioinfo/users/talaeita/git/pacbio-smrtlink/pbRunQC/work/a4/09a3f4aa91af3439499291094a236c/adapter_xml/interAdapterDist0.png with dpi 350
[INFO] 2020-06-23 15:51:45,145Z [pbreports.plot.helper _save_figures 337] Saving figure /bioinfo/users/talaeita/git/pacbio-smrtlink/pbRunQC/work/a4/09a3f4aa91af3439499291094a236c/adapter_xml/interAdapterDist0_thumb.png with dpi 20
[INFO] 2020-06-23 15:51:45,177Z [__main__ to_reports 45] Writing /bioinfo/users/talaeita/git/pacbio-smrtlink/pbRunQC/work/a4/09a3f4aa91af3439499291094a236c/adapter_xml/adapter_xml.json
[INFO] 2020-06-23 15:51:45,253Z [pbreports.plot.helper _save_figures 337] Saving figure /bioinfo/users/talaeita/git/pacbio-smrtlink/pbRunQC/work/a4/09a3f4aa91af3439499291094a236c/loading_xml/raw_read_length_plot.png with dpi 350
[INFO] 2020-06-23 15:51:45,613Z [pbreports.plot.helper _save_figures 337] Saving figure /bioinfo/users/talaeita/git/pacbio-smrtlink/pbRunQC/work/a4/09a3f4aa91af3439499291094a236c/loading_xml/raw_read_length_plot_thumb.png with dpi 20
[INFO] 2020-06-23 15:51:45,652Z [__main__ to_reports 45] Writing /bioinfo/users/talaeita/git/pacbio-smrtlink/pbRunQC/work/a4/09a3f4aa91af3439499291094a236c/loading_xml/loading_xml.json
[INFO] 2020-06-23 15:51:45,699Z [pbreports.plot.helper _save_figures 337] Saving figure /bioinfo/users/talaeita/git/pacbio-smrtlink/pbRunQC/work/a4/09a3f4aa91af3439499291094a236c/control/readlength_plot.png with dpi 350
[INFO] 2020-06-23 15:51:46,046Z [pbreports.plot.helper _save_figures 337] Saving figure /bioinfo/users/talaeita/git/pacbio-smrtlink/pbRunQC/work/a4/09a3f4aa91af3439499291094a236c/control/readlength_plot_thumb.png with dpi 20
[INFO] 2020-06-23 15:51:46,114Z [pbreports.plot.helper _save_figures 337] Saving figure /bioinfo/users/talaeita/git/pacbio-smrtlink/pbRunQC/work/a4/09a3f4aa91af3439499291094a236c/control/concordance_plot.png with dpi 350
[INFO] 2020-06-23 15:51:46,467Z [pbreports.plot.helper _save_figures 337] Saving figure /bioinfo/users/talaeita/git/pacbio-smrtlink/pbRunQC/work/a4/09a3f4aa91af3439499291094a236c/control/concordance_plot_thumb.png with dpi 20
[INFO] 2020-06-23 15:51:46,501Z [__main__ to_reports 45] Writing /bioinfo/users/talaeita/git/pacbio-smrtlink/pbRunQC/work/a4/09a3f4aa91af3439499291094a236c/control/control.json
[INFO] 2020-06-23 15:51:46,510Z [__main__ _pacbio_main_runner 199] exiting with return code 0 in 4.50 sec.
