[INFO] 2020-06-23 15:56:34,541Z [__main__ _pacbio_main_runner 159] Using pbcommand v1.9.2
[INFO] 2020-06-23 15:56:34,541Z [__main__ _pacbio_main_runner 160] completed setting up logger with <function setup_log at 0x7f42e65d4b18>
[INFO] 2020-06-23 15:56:34,541Z [__main__ _pacbio_main_runner 161] log opts {'file_name': None, 'level': 20}
[INFO] 2020-06-23 15:56:34,541Z [__main__ to_reports 30] Loading /bioinfo/users/talaeita/git/pacbio-smrtlink/pbRunQC/work/00/adebbc4a09254660ef4a5d5d974883/m54063_181211_144629.subreadset.xml
[INFO] 2020-06-23 15:56:34,630Z [pbreports.report.filter_stats_xml to_report_impl 307] Unique molecular yield from sts.xml: None
[INFO] 2020-06-23 15:56:34,630Z [pbreports.report.filter_stats_xml to_report_impl 309] Computing metrics from .pbi file
[INFO] 2020-06-23 15:56:34,683Z [pbreports.plot.helper _save_figures 337] Saving figure /bioinfo/users/talaeita/git/pacbio-smrtlink/pbRunQC/work/00/adebbc4a09254660ef4a5d5d974883/filter_stats_xml/readLenDist0.png with dpi 350
[INFO] 2020-06-23 15:56:35,033Z [pbreports.plot.helper _save_figures 337] Saving figure /bioinfo/users/talaeita/git/pacbio-smrtlink/pbRunQC/work/00/adebbc4a09254660ef4a5d5d974883/filter_stats_xml/readLenDist0_thumb.png with dpi 20
[INFO] 2020-06-23 15:56:35,064Z [pbreports.report.filter_stats_xml to_subread_lengths_plot 242] Plotting subread lengths
[INFO] 2020-06-23 15:56:35,103Z [pbreports.plot.helper _save_figures 337] Saving figure /bioinfo/users/talaeita/git/pacbio-smrtlink/pbRunQC/work/00/adebbc4a09254660ef4a5d5d974883/filter_stats_xml/subread_lengths.png with dpi 350
[INFO] 2020-06-23 15:56:35,460Z [pbreports.plot.helper _save_figures 337] Saving figure /bioinfo/users/talaeita/git/pacbio-smrtlink/pbRunQC/work/00/adebbc4a09254660ef4a5d5d974883/filter_stats_xml/subread_lengths_thumb.png with dpi 20
[INFO] 2020-06-23 15:56:35,538Z [pbreports.plot.helper _save_figures 337] Saving figure /bioinfo/users/talaeita/git/pacbio-smrtlink/pbRunQC/work/00/adebbc4a09254660ef4a5d5d974883/filter_stats_xml/insertLenDist0.png with dpi 350
[INFO] 2020-06-23 15:56:35,879Z [pbreports.plot.helper _save_figures 337] Saving figure /bioinfo/users/talaeita/git/pacbio-smrtlink/pbRunQC/work/00/adebbc4a09254660ef4a5d5d974883/filter_stats_xml/insertLenDist0_thumb.png with dpi 20
[INFO] 2020-06-23 15:56:35,911Z [pbreports.report.filter_stats_xml to_hexbin_plot 250] Plotting insert read lengths versus polymerase read lengths
[INFO] 2020-06-23 15:56:35,949Z [pbreports.plot.helper _save_figures 337] Saving figure /bioinfo/users/talaeita/git/pacbio-smrtlink/pbRunQC/work/00/adebbc4a09254660ef4a5d5d974883/filter_stats_xml/hexbin_length_plot.png with dpi 350
[INFO] 2020-06-23 15:56:36,815Z [pbreports.plot.helper _save_figures 337] Saving figure /bioinfo/users/talaeita/git/pacbio-smrtlink/pbRunQC/work/00/adebbc4a09254660ef4a5d5d974883/filter_stats_xml/hexbin_length_plot_thumb.png with dpi 20
[INFO] 2020-06-23 15:56:36,906Z [pbreports.report.filter_stats_xml to_base_yield_plot 258] Plotting base yield as a function of read length
[INFO] 2020-06-23 15:56:36,916Z [pbreports.plot.helper _save_figures 337] Saving figure /bioinfo/users/talaeita/git/pacbio-smrtlink/pbRunQC/work/00/adebbc4a09254660ef4a5d5d974883/filter_stats_xml/base_yield_plot.png with dpi 350
[INFO] 2020-06-23 15:56:37,256Z [pbreports.plot.helper _save_figures 337] Saving figure /bioinfo/users/talaeita/git/pacbio-smrtlink/pbRunQC/work/00/adebbc4a09254660ef4a5d5d974883/filter_stats_xml/base_yield_plot_thumb.png with dpi 20
[INFO] 2020-06-23 15:56:37,285Z [__main__ to_reports 45] Writing /bioinfo/users/talaeita/git/pacbio-smrtlink/pbRunQC/work/00/adebbc4a09254660ef4a5d5d974883/filter_stats_xml/filter_stats_xml.json
[INFO] 2020-06-23 15:56:37,347Z [pbreports.plot.helper _save_figures 337] Saving figure /bioinfo/users/talaeita/git/pacbio-smrtlink/pbRunQC/work/00/adebbc4a09254660ef4a5d5d974883/adapter_xml/interAdapterDist0.png with dpi 350
[INFO] 2020-06-23 15:56:37,702Z [pbreports.plot.helper _save_figures 337] Saving figure /bioinfo/users/talaeita/git/pacbio-smrtlink/pbRunQC/work/00/adebbc4a09254660ef4a5d5d974883/adapter_xml/interAdapterDist0_thumb.png with dpi 20
[INFO] 2020-06-23 15:56:37,738Z [__main__ to_reports 45] Writing /bioinfo/users/talaeita/git/pacbio-smrtlink/pbRunQC/work/00/adebbc4a09254660ef4a5d5d974883/adapter_xml/adapter_xml.json
[INFO] 2020-06-23 15:56:37,809Z [pbreports.plot.helper _save_figures 337] Saving figure /bioinfo/users/talaeita/git/pacbio-smrtlink/pbRunQC/work/00/adebbc4a09254660ef4a5d5d974883/loading_xml/raw_read_length_plot.png with dpi 350
[INFO] 2020-06-23 15:56:38,160Z [pbreports.plot.helper _save_figures 337] Saving figure /bioinfo/users/talaeita/git/pacbio-smrtlink/pbRunQC/work/00/adebbc4a09254660ef4a5d5d974883/loading_xml/raw_read_length_plot_thumb.png with dpi 20
[INFO] 2020-06-23 15:56:38,194Z [__main__ to_reports 45] Writing /bioinfo/users/talaeita/git/pacbio-smrtlink/pbRunQC/work/00/adebbc4a09254660ef4a5d5d974883/loading_xml/loading_xml.json
[INFO] 2020-06-23 15:56:38,231Z [pbreports.plot.helper _save_figures 337] Saving figure /bioinfo/users/talaeita/git/pacbio-smrtlink/pbRunQC/work/00/adebbc4a09254660ef4a5d5d974883/control/readlength_plot.png with dpi 350
[INFO] 2020-06-23 15:56:38,579Z [pbreports.plot.helper _save_figures 337] Saving figure /bioinfo/users/talaeita/git/pacbio-smrtlink/pbRunQC/work/00/adebbc4a09254660ef4a5d5d974883/control/readlength_plot_thumb.png with dpi 20
[INFO] 2020-06-23 15:56:38,644Z [pbreports.plot.helper _save_figures 337] Saving figure /bioinfo/users/talaeita/git/pacbio-smrtlink/pbRunQC/work/00/adebbc4a09254660ef4a5d5d974883/control/concordance_plot.png with dpi 350
[INFO] 2020-06-23 15:56:38,990Z [pbreports.plot.helper _save_figures 337] Saving figure /bioinfo/users/talaeita/git/pacbio-smrtlink/pbRunQC/work/00/adebbc4a09254660ef4a5d5d974883/control/concordance_plot_thumb.png with dpi 20
[INFO] 2020-06-23 15:56:39,024Z [__main__ to_reports 45] Writing /bioinfo/users/talaeita/git/pacbio-smrtlink/pbRunQC/work/00/adebbc4a09254660ef4a5d5d974883/control/control.json
[INFO] 2020-06-23 15:56:39,036Z [__main__ _pacbio_main_runner 199] exiting with return code 0 in 4.50 sec.
