[INFO] 2020-06-23 15:52:02,156Z [__main__ _pacbio_main_runner 159] Using pbcommand v1.9.2
[INFO] 2020-06-23 15:52:02,156Z [__main__ _pacbio_main_runner 160] completed setting up logger with <function setup_log at 0x7f9ba7d12b18>
[INFO] 2020-06-23 15:52:02,156Z [__main__ _pacbio_main_runner 161] log opts {'file_name': None, 'level': 20}
[INFO] 2020-06-23 15:52:02,157Z [__main__ to_reports 30] Loading /bioinfo/users/talaeita/git/pacbio-smrtlink/pbRunQC/work/60/15e26b0a5f9ff836b2b2fcf57329e3/m54063_181211_144629.subreadset.xml
[INFO] 2020-06-23 15:52:02,241Z [pbreports.report.filter_stats_xml to_report_impl 307] Unique molecular yield from sts.xml: None
[INFO] 2020-06-23 15:52:02,241Z [pbreports.report.filter_stats_xml to_report_impl 309] Computing metrics from .pbi file
[INFO] 2020-06-23 15:52:02,292Z [pbreports.plot.helper _save_figures 337] Saving figure /bioinfo/users/talaeita/git/pacbio-smrtlink/pbRunQC/work/60/15e26b0a5f9ff836b2b2fcf57329e3/filter_stats_xml/readLenDist0.png with dpi 350
[INFO] 2020-06-23 15:52:02,642Z [pbreports.plot.helper _save_figures 337] Saving figure /bioinfo/users/talaeita/git/pacbio-smrtlink/pbRunQC/work/60/15e26b0a5f9ff836b2b2fcf57329e3/filter_stats_xml/readLenDist0_thumb.png with dpi 20
[INFO] 2020-06-23 15:52:02,677Z [pbreports.report.filter_stats_xml to_subread_lengths_plot 242] Plotting subread lengths
[INFO] 2020-06-23 15:52:02,716Z [pbreports.plot.helper _save_figures 337] Saving figure /bioinfo/users/talaeita/git/pacbio-smrtlink/pbRunQC/work/60/15e26b0a5f9ff836b2b2fcf57329e3/filter_stats_xml/subread_lengths.png with dpi 350
[INFO] 2020-06-23 15:52:03,072Z [pbreports.plot.helper _save_figures 337] Saving figure /bioinfo/users/talaeita/git/pacbio-smrtlink/pbRunQC/work/60/15e26b0a5f9ff836b2b2fcf57329e3/filter_stats_xml/subread_lengths_thumb.png with dpi 20
[INFO] 2020-06-23 15:52:03,139Z [pbreports.plot.helper _save_figures 337] Saving figure /bioinfo/users/talaeita/git/pacbio-smrtlink/pbRunQC/work/60/15e26b0a5f9ff836b2b2fcf57329e3/filter_stats_xml/insertLenDist0.png with dpi 350
[INFO] 2020-06-23 15:52:03,479Z [pbreports.plot.helper _save_figures 337] Saving figure /bioinfo/users/talaeita/git/pacbio-smrtlink/pbRunQC/work/60/15e26b0a5f9ff836b2b2fcf57329e3/filter_stats_xml/insertLenDist0_thumb.png with dpi 20
[INFO] 2020-06-23 15:52:03,512Z [pbreports.report.filter_stats_xml to_hexbin_plot 250] Plotting insert read lengths versus polymerase read lengths
[INFO] 2020-06-23 15:52:03,557Z [pbreports.plot.helper _save_figures 337] Saving figure /bioinfo/users/talaeita/git/pacbio-smrtlink/pbRunQC/work/60/15e26b0a5f9ff836b2b2fcf57329e3/filter_stats_xml/hexbin_length_plot.png with dpi 350
[INFO] 2020-06-23 15:52:04,425Z [pbreports.plot.helper _save_figures 337] Saving figure /bioinfo/users/talaeita/git/pacbio-smrtlink/pbRunQC/work/60/15e26b0a5f9ff836b2b2fcf57329e3/filter_stats_xml/hexbin_length_plot_thumb.png with dpi 20
[INFO] 2020-06-23 15:52:04,515Z [pbreports.report.filter_stats_xml to_base_yield_plot 258] Plotting base yield as a function of read length
[INFO] 2020-06-23 15:52:04,525Z [pbreports.plot.helper _save_figures 337] Saving figure /bioinfo/users/talaeita/git/pacbio-smrtlink/pbRunQC/work/60/15e26b0a5f9ff836b2b2fcf57329e3/filter_stats_xml/base_yield_plot.png with dpi 350
[INFO] 2020-06-23 15:52:04,872Z [pbreports.plot.helper _save_figures 337] Saving figure /bioinfo/users/talaeita/git/pacbio-smrtlink/pbRunQC/work/60/15e26b0a5f9ff836b2b2fcf57329e3/filter_stats_xml/base_yield_plot_thumb.png with dpi 20
[INFO] 2020-06-23 15:52:04,901Z [__main__ to_reports 45] Writing /bioinfo/users/talaeita/git/pacbio-smrtlink/pbRunQC/work/60/15e26b0a5f9ff836b2b2fcf57329e3/filter_stats_xml/filter_stats_xml.json
[INFO] 2020-06-23 15:52:04,962Z [pbreports.plot.helper _save_figures 337] Saving figure /bioinfo/users/talaeita/git/pacbio-smrtlink/pbRunQC/work/60/15e26b0a5f9ff836b2b2fcf57329e3/adapter_xml/interAdapterDist0.png with dpi 350
[INFO] 2020-06-23 15:52:05,313Z [pbreports.plot.helper _save_figures 337] Saving figure /bioinfo/users/talaeita/git/pacbio-smrtlink/pbRunQC/work/60/15e26b0a5f9ff836b2b2fcf57329e3/adapter_xml/interAdapterDist0_thumb.png with dpi 20
[INFO] 2020-06-23 15:52:05,355Z [__main__ to_reports 45] Writing /bioinfo/users/talaeita/git/pacbio-smrtlink/pbRunQC/work/60/15e26b0a5f9ff836b2b2fcf57329e3/adapter_xml/adapter_xml.json
[INFO] 2020-06-23 15:52:05,423Z [pbreports.plot.helper _save_figures 337] Saving figure /bioinfo/users/talaeita/git/pacbio-smrtlink/pbRunQC/work/60/15e26b0a5f9ff836b2b2fcf57329e3/loading_xml/raw_read_length_plot.png with dpi 350
[INFO] 2020-06-23 15:52:05,772Z [pbreports.plot.helper _save_figures 337] Saving figure /bioinfo/users/talaeita/git/pacbio-smrtlink/pbRunQC/work/60/15e26b0a5f9ff836b2b2fcf57329e3/loading_xml/raw_read_length_plot_thumb.png with dpi 20
[INFO] 2020-06-23 15:52:05,810Z [__main__ to_reports 45] Writing /bioinfo/users/talaeita/git/pacbio-smrtlink/pbRunQC/work/60/15e26b0a5f9ff836b2b2fcf57329e3/loading_xml/loading_xml.json
[INFO] 2020-06-23 15:52:05,848Z [pbreports.plot.helper _save_figures 337] Saving figure /bioinfo/users/talaeita/git/pacbio-smrtlink/pbRunQC/work/60/15e26b0a5f9ff836b2b2fcf57329e3/control/readlength_plot.png with dpi 350
[INFO] 2020-06-23 15:52:06,194Z [pbreports.plot.helper _save_figures 337] Saving figure /bioinfo/users/talaeita/git/pacbio-smrtlink/pbRunQC/work/60/15e26b0a5f9ff836b2b2fcf57329e3/control/readlength_plot_thumb.png with dpi 20
[INFO] 2020-06-23 15:52:06,252Z [pbreports.plot.helper _save_figures 337] Saving figure /bioinfo/users/talaeita/git/pacbio-smrtlink/pbRunQC/work/60/15e26b0a5f9ff836b2b2fcf57329e3/control/concordance_plot.png with dpi 350
[INFO] 2020-06-23 15:52:06,596Z [pbreports.plot.helper _save_figures 337] Saving figure /bioinfo/users/talaeita/git/pacbio-smrtlink/pbRunQC/work/60/15e26b0a5f9ff836b2b2fcf57329e3/control/concordance_plot_thumb.png with dpi 20
[INFO] 2020-06-23 15:52:06,628Z [__main__ to_reports 45] Writing /bioinfo/users/talaeita/git/pacbio-smrtlink/pbRunQC/work/60/15e26b0a5f9ff836b2b2fcf57329e3/control/control.json
[INFO] 2020-06-23 15:52:06,636Z [__main__ _pacbio_main_runner 199] exiting with return code 0 in 4.48 sec.
rm: impossible de supprimer « concordance_plot.png »: Aucun fichier ou dossier de ce type
rm: impossible de supprimer « readlength_plot.png »: Aucun fichier ou dossier de ce type
rm: impossible de supprimer « control_mqc_bis.png »: Aucun fichier ou dossier de ce type
