[INFO] 2020-06-23 15:44:03,819Z [__main__ _pacbio_main_runner 159] Using pbcommand v1.9.2
[INFO] 2020-06-23 15:44:03,819Z [__main__ _pacbio_main_runner 160] completed setting up logger with <function setup_log at 0x7fef498a2b18>
[INFO] 2020-06-23 15:44:03,819Z [__main__ _pacbio_main_runner 161] log opts {'file_name': None, 'level': 20}
[INFO] 2020-06-23 15:44:03,819Z [__main__ to_reports 30] Loading /bioinfo/users/talaeita/git/pacbio-smrtlink/pbRunQC/work/b3/9786f0c2183b7be8b128b5a0d41f29/m54063_181211_144629.subreadset.xml
[INFO] 2020-06-23 15:44:03,878Z [pbreports.report.filter_stats_xml to_report_impl 307] Unique molecular yield from sts.xml: None
[INFO] 2020-06-23 15:44:03,878Z [pbreports.report.filter_stats_xml to_report_impl 309] Computing metrics from .pbi file
[INFO] 2020-06-23 15:44:03,929Z [pbreports.plot.helper _save_figures 337] Saving figure /bioinfo/users/talaeita/git/pacbio-smrtlink/pbRunQC/work/b3/9786f0c2183b7be8b128b5a0d41f29/filter_stats_xml/readLenDist0.png with dpi 350
[INFO] 2020-06-23 15:44:04,284Z [pbreports.plot.helper _save_figures 337] Saving figure /bioinfo/users/talaeita/git/pacbio-smrtlink/pbRunQC/work/b3/9786f0c2183b7be8b128b5a0d41f29/filter_stats_xml/readLenDist0_thumb.png with dpi 20
[INFO] 2020-06-23 15:44:04,314Z [pbreports.report.filter_stats_xml to_subread_lengths_plot 242] Plotting subread lengths
[INFO] 2020-06-23 15:44:04,352Z [pbreports.plot.helper _save_figures 337] Saving figure /bioinfo/users/talaeita/git/pacbio-smrtlink/pbRunQC/work/b3/9786f0c2183b7be8b128b5a0d41f29/filter_stats_xml/subread_lengths.png with dpi 350
[INFO] 2020-06-23 15:44:04,709Z [pbreports.plot.helper _save_figures 337] Saving figure /bioinfo/users/talaeita/git/pacbio-smrtlink/pbRunQC/work/b3/9786f0c2183b7be8b128b5a0d41f29/filter_stats_xml/subread_lengths_thumb.png with dpi 20
[INFO] 2020-06-23 15:44:04,778Z [pbreports.plot.helper _save_figures 337] Saving figure /bioinfo/users/talaeita/git/pacbio-smrtlink/pbRunQC/work/b3/9786f0c2183b7be8b128b5a0d41f29/filter_stats_xml/insertLenDist0.png with dpi 350
[INFO] 2020-06-23 15:44:05,124Z [pbreports.plot.helper _save_figures 337] Saving figure /bioinfo/users/talaeita/git/pacbio-smrtlink/pbRunQC/work/b3/9786f0c2183b7be8b128b5a0d41f29/filter_stats_xml/insertLenDist0_thumb.png with dpi 20
[INFO] 2020-06-23 15:44:05,155Z [pbreports.report.filter_stats_xml to_hexbin_plot 250] Plotting insert read lengths versus polymerase read lengths
[INFO] 2020-06-23 15:44:05,193Z [pbreports.plot.helper _save_figures 337] Saving figure /bioinfo/users/talaeita/git/pacbio-smrtlink/pbRunQC/work/b3/9786f0c2183b7be8b128b5a0d41f29/filter_stats_xml/hexbin_length_plot.png with dpi 350
[INFO] 2020-06-23 15:44:06,062Z [pbreports.plot.helper _save_figures 337] Saving figure /bioinfo/users/talaeita/git/pacbio-smrtlink/pbRunQC/work/b3/9786f0c2183b7be8b128b5a0d41f29/filter_stats_xml/hexbin_length_plot_thumb.png with dpi 20
[INFO] 2020-06-23 15:44:06,151Z [pbreports.report.filter_stats_xml to_base_yield_plot 258] Plotting base yield as a function of read length
[INFO] 2020-06-23 15:44:06,162Z [pbreports.plot.helper _save_figures 337] Saving figure /bioinfo/users/talaeita/git/pacbio-smrtlink/pbRunQC/work/b3/9786f0c2183b7be8b128b5a0d41f29/filter_stats_xml/base_yield_plot.png with dpi 350
[INFO] 2020-06-23 15:44:06,499Z [pbreports.plot.helper _save_figures 337] Saving figure /bioinfo/users/talaeita/git/pacbio-smrtlink/pbRunQC/work/b3/9786f0c2183b7be8b128b5a0d41f29/filter_stats_xml/base_yield_plot_thumb.png with dpi 20
[INFO] 2020-06-23 15:44:06,529Z [__main__ to_reports 45] Writing /bioinfo/users/talaeita/git/pacbio-smrtlink/pbRunQC/work/b3/9786f0c2183b7be8b128b5a0d41f29/filter_stats_xml/filter_stats_xml.json
[INFO] 2020-06-23 15:44:06,588Z [pbreports.plot.helper _save_figures 337] Saving figure /bioinfo/users/talaeita/git/pacbio-smrtlink/pbRunQC/work/b3/9786f0c2183b7be8b128b5a0d41f29/adapter_xml/interAdapterDist0.png with dpi 350
[INFO] 2020-06-23 15:44:06,945Z [pbreports.plot.helper _save_figures 337] Saving figure /bioinfo/users/talaeita/git/pacbio-smrtlink/pbRunQC/work/b3/9786f0c2183b7be8b128b5a0d41f29/adapter_xml/interAdapterDist0_thumb.png with dpi 20
[INFO] 2020-06-23 15:44:06,980Z [__main__ to_reports 45] Writing /bioinfo/users/talaeita/git/pacbio-smrtlink/pbRunQC/work/b3/9786f0c2183b7be8b128b5a0d41f29/adapter_xml/adapter_xml.json
[INFO] 2020-06-23 15:44:07,047Z [pbreports.plot.helper _save_figures 337] Saving figure /bioinfo/users/talaeita/git/pacbio-smrtlink/pbRunQC/work/b3/9786f0c2183b7be8b128b5a0d41f29/loading_xml/raw_read_length_plot.png with dpi 350
[INFO] 2020-06-23 15:44:07,397Z [pbreports.plot.helper _save_figures 337] Saving figure /bioinfo/users/talaeita/git/pacbio-smrtlink/pbRunQC/work/b3/9786f0c2183b7be8b128b5a0d41f29/loading_xml/raw_read_length_plot_thumb.png with dpi 20
[INFO] 2020-06-23 15:44:07,431Z [__main__ to_reports 45] Writing /bioinfo/users/talaeita/git/pacbio-smrtlink/pbRunQC/work/b3/9786f0c2183b7be8b128b5a0d41f29/loading_xml/loading_xml.json
[INFO] 2020-06-23 15:44:07,475Z [pbreports.plot.helper _save_figures 337] Saving figure /bioinfo/users/talaeita/git/pacbio-smrtlink/pbRunQC/work/b3/9786f0c2183b7be8b128b5a0d41f29/control/readlength_plot.png with dpi 350
[INFO] 2020-06-23 15:44:07,822Z [pbreports.plot.helper _save_figures 337] Saving figure /bioinfo/users/talaeita/git/pacbio-smrtlink/pbRunQC/work/b3/9786f0c2183b7be8b128b5a0d41f29/control/readlength_plot_thumb.png with dpi 20
[INFO] 2020-06-23 15:44:07,881Z [pbreports.plot.helper _save_figures 337] Saving figure /bioinfo/users/talaeita/git/pacbio-smrtlink/pbRunQC/work/b3/9786f0c2183b7be8b128b5a0d41f29/control/concordance_plot.png with dpi 350
[INFO] 2020-06-23 15:44:08,233Z [pbreports.plot.helper _save_figures 337] Saving figure /bioinfo/users/talaeita/git/pacbio-smrtlink/pbRunQC/work/b3/9786f0c2183b7be8b128b5a0d41f29/control/concordance_plot_thumb.png with dpi 20
[INFO] 2020-06-23 15:44:08,266Z [__main__ to_reports 45] Writing /bioinfo/users/talaeita/git/pacbio-smrtlink/pbRunQC/work/b3/9786f0c2183b7be8b128b5a0d41f29/control/control.json
[INFO] 2020-06-23 15:44:08,275Z [__main__ _pacbio_main_runner 199] exiting with return code 0 in 4.46 sec.
rm: impossible de supprimer « concordance_plot.png »: Aucun fichier ou dossier de ce type
rm: impossible de supprimer « readlength_plot.png »: Aucun fichier ou dossier de ce type
rm: impossible de supprimer « control_mqc_bis.png »: Aucun fichier ou dossier de ce type
