[INFO] 2020-06-17 08:50:55,655Z [__main__ _pacbio_main_runner 159] Using pbcommand v1.9.2
[INFO] 2020-06-17 08:50:55,655Z [__main__ _pacbio_main_runner 160] completed setting up logger with <function setup_log at 0x7f1860166b18>
[INFO] 2020-06-17 08:50:55,655Z [__main__ _pacbio_main_runner 161] log opts {'file_name': None, 'level': 20}
[INFO] 2020-06-17 08:50:55,655Z [__main__ to_reports 30] Loading /bioinfo/users/talaeita/git/pacbio-smrtlink/pbRunQC/work/cf/831cd7c39ebc9ad3d761595126cca0/m54063_181211_144629.subreadset.xml
[INFO] 2020-06-17 08:50:55,786Z [pbreports.report.filter_stats_xml to_report_impl 307] Unique molecular yield from sts.xml: None
[INFO] 2020-06-17 08:50:55,787Z [pbreports.report.filter_stats_xml to_report_impl 309] Computing metrics from .pbi file
[INFO] 2020-06-17 08:51:03,992Z [pbreports.plot.helper _save_figures 337] Saving figure /bioinfo/users/talaeita/git/pacbio-smrtlink/pbRunQC/work/cf/831cd7c39ebc9ad3d761595126cca0/filter_stats_xml/readLenDist0.png with dpi 350
[INFO] 2020-06-17 08:51:04,346Z [pbreports.plot.helper _save_figures 337] Saving figure /bioinfo/users/talaeita/git/pacbio-smrtlink/pbRunQC/work/cf/831cd7c39ebc9ad3d761595126cca0/filter_stats_xml/readLenDist0_thumb.png with dpi 20
[INFO] 2020-06-17 08:51:04,383Z [pbreports.report.filter_stats_xml to_subread_lengths_plot 242] Plotting subread lengths
[INFO] 2020-06-17 08:51:04,413Z [pbreports.plot.helper _save_figures 337] Saving figure /bioinfo/users/talaeita/git/pacbio-smrtlink/pbRunQC/work/cf/831cd7c39ebc9ad3d761595126cca0/filter_stats_xml/subread_lengths.png with dpi 350
[INFO] 2020-06-17 08:51:04,770Z [pbreports.plot.helper _save_figures 337] Saving figure /bioinfo/users/talaeita/git/pacbio-smrtlink/pbRunQC/work/cf/831cd7c39ebc9ad3d761595126cca0/filter_stats_xml/subread_lengths_thumb.png with dpi 20
[INFO] 2020-06-17 08:51:04,835Z [pbreports.plot.helper _save_figures 337] Saving figure /bioinfo/users/talaeita/git/pacbio-smrtlink/pbRunQC/work/cf/831cd7c39ebc9ad3d761595126cca0/filter_stats_xml/insertLenDist0.png with dpi 350
[INFO] 2020-06-17 08:51:05,193Z [pbreports.plot.helper _save_figures 337] Saving figure /bioinfo/users/talaeita/git/pacbio-smrtlink/pbRunQC/work/cf/831cd7c39ebc9ad3d761595126cca0/filter_stats_xml/insertLenDist0_thumb.png with dpi 20
[INFO] 2020-06-17 08:51:05,230Z [pbreports.report.filter_stats_xml to_hexbin_plot 250] Plotting insert read lengths versus polymerase read lengths
[INFO] 2020-06-17 08:51:05,547Z [pbreports.plot.helper _save_figures 337] Saving figure /bioinfo/users/talaeita/git/pacbio-smrtlink/pbRunQC/work/cf/831cd7c39ebc9ad3d761595126cca0/filter_stats_xml/hexbin_length_plot.png with dpi 350
[INFO] 2020-06-17 08:51:06,504Z [pbreports.plot.helper _save_figures 337] Saving figure /bioinfo/users/talaeita/git/pacbio-smrtlink/pbRunQC/work/cf/831cd7c39ebc9ad3d761595126cca0/filter_stats_xml/hexbin_length_plot_thumb.png with dpi 20
[INFO] 2020-06-17 08:51:06,613Z [pbreports.report.filter_stats_xml to_base_yield_plot 258] Plotting base yield as a function of read length
[INFO] 2020-06-17 08:51:06,932Z [pbreports.plot.helper _save_figures 337] Saving figure /bioinfo/users/talaeita/git/pacbio-smrtlink/pbRunQC/work/cf/831cd7c39ebc9ad3d761595126cca0/filter_stats_xml/base_yield_plot.png with dpi 350
[INFO] 2020-06-17 08:51:07,269Z [pbreports.plot.helper _save_figures 337] Saving figure /bioinfo/users/talaeita/git/pacbio-smrtlink/pbRunQC/work/cf/831cd7c39ebc9ad3d761595126cca0/filter_stats_xml/base_yield_plot_thumb.png with dpi 20
[INFO] 2020-06-17 08:51:07,309Z [__main__ to_reports 45] Writing /bioinfo/users/talaeita/git/pacbio-smrtlink/pbRunQC/work/cf/831cd7c39ebc9ad3d761595126cca0/filter_stats_xml/filter_stats_xml.json
[INFO] 2020-06-17 08:51:07,355Z [pbreports.plot.helper _save_figures 337] Saving figure /bioinfo/users/talaeita/git/pacbio-smrtlink/pbRunQC/work/cf/831cd7c39ebc9ad3d761595126cca0/adapter_xml/interAdapterDist0.png with dpi 350
[INFO] 2020-06-17 08:51:07,723Z [pbreports.plot.helper _save_figures 337] Saving figure /bioinfo/users/talaeita/git/pacbio-smrtlink/pbRunQC/work/cf/831cd7c39ebc9ad3d761595126cca0/adapter_xml/interAdapterDist0_thumb.png with dpi 20
[INFO] 2020-06-17 08:51:07,773Z [__main__ to_reports 45] Writing /bioinfo/users/talaeita/git/pacbio-smrtlink/pbRunQC/work/cf/831cd7c39ebc9ad3d761595126cca0/adapter_xml/adapter_xml.json
[INFO] 2020-06-17 08:51:07,840Z [pbreports.plot.helper _save_figures 337] Saving figure /bioinfo/users/talaeita/git/pacbio-smrtlink/pbRunQC/work/cf/831cd7c39ebc9ad3d761595126cca0/loading_xml/raw_read_length_plot.png with dpi 350
[INFO] 2020-06-17 08:51:08,208Z [pbreports.plot.helper _save_figures 337] Saving figure /bioinfo/users/talaeita/git/pacbio-smrtlink/pbRunQC/work/cf/831cd7c39ebc9ad3d761595126cca0/loading_xml/raw_read_length_plot_thumb.png with dpi 20
[INFO] 2020-06-17 08:51:08,259Z [__main__ to_reports 45] Writing /bioinfo/users/talaeita/git/pacbio-smrtlink/pbRunQC/work/cf/831cd7c39ebc9ad3d761595126cca0/loading_xml/loading_xml.json
[INFO] 2020-06-17 08:51:08,316Z [pbreports.plot.helper _save_figures 337] Saving figure /bioinfo/users/talaeita/git/pacbio-smrtlink/pbRunQC/work/cf/831cd7c39ebc9ad3d761595126cca0/control/readlength_plot.png with dpi 350
[INFO] 2020-06-17 08:51:08,669Z [pbreports.plot.helper _save_figures 337] Saving figure /bioinfo/users/talaeita/git/pacbio-smrtlink/pbRunQC/work/cf/831cd7c39ebc9ad3d761595126cca0/control/readlength_plot_thumb.png with dpi 20
[INFO] 2020-06-17 08:51:08,731Z [pbreports.plot.helper _save_figures 337] Saving figure /bioinfo/users/talaeita/git/pacbio-smrtlink/pbRunQC/work/cf/831cd7c39ebc9ad3d761595126cca0/control/concordance_plot.png with dpi 350
[INFO] 2020-06-17 08:51:09,087Z [pbreports.plot.helper _save_figures 337] Saving figure /bioinfo/users/talaeita/git/pacbio-smrtlink/pbRunQC/work/cf/831cd7c39ebc9ad3d761595126cca0/control/concordance_plot_thumb.png with dpi 20
[INFO] 2020-06-17 08:51:09,128Z [__main__ to_reports 45] Writing /bioinfo/users/talaeita/git/pacbio-smrtlink/pbRunQC/work/cf/831cd7c39ebc9ad3d761595126cca0/control/control.json
[INFO] 2020-06-17 08:51:09,167Z [__main__ _pacbio_main_runner 199] exiting with return code 0 in 13.51 sec.
rm: impossible de supprimer « concordance_plot.png »: Aucun fichier ou dossier de ce type
rm: impossible de supprimer « readlength_plot.png »: Aucun fichier ou dossier de ce type
rm: impossible de supprimer « control_mqc_bis.png »: Aucun fichier ou dossier de ce type
