[2020-06-23 17:32:33,787] multiqc                                            [DEBUG  ]  No MultiQC config found: /bioinfo/users/talaeita/work/envs_conda/curie-rawqc-2.0-dev/lib/python3.6/site-packages/multiqc_config.yaml
[2020-06-23 17:32:33,787] multiqc                                            [DEBUG  ]  No MultiQC config found: /data/users/talaeita/.multiqc_config.yaml
[2020-06-23 17:32:33,788] multiqc                                            [DEBUG  ]  No MultiQC config found: multiqc_config.yaml
[2020-06-23 17:32:33,791] multiqc                                            [DEBUG  ]  Loading config settings from: multiqc_config_overview.yaml
[2020-06-23 17:32:33,791] multiqc                                            [DEBUG  ]  New config 'report_header_info': [{'Run Name': 'R028'}, {'Run Id': 'r54063_20181211_143459'}, {'Instrument': 'Sequel 54063'}, {'Run Date': datetime.date(2018, 12, 11)}, {'CreatedBy': 'slameira'}]
[2020-06-23 17:32:33,828] multiqc                                            [DEBUG  ]  Loading config settings from: multiqc_config_image.yaml
[2020-06-23 17:32:33,829] multiqc                                            [DEBUG  ]  New config 'custom_logo_url': https://science.curie.fr/plateformes/sequencage-adn-haut-debit-ngs/
[2020-06-23 17:32:33,829] multiqc                                            [DEBUG  ]  New config 'custom_logo_title': Institut Curie
[2020-06-23 17:32:33,829] multiqc                                            [DEBUG  ]  New config 'output_fn_name': pbRunQC_report.html
[2020-06-23 17:32:33,829] multiqc                                            [DEBUG  ]  New config 'custom_data': {'subreads_stat': {'file_format': 'tsv', 'section_name': 'Status', 'description': 'first table.', 'plot_type': 'table', 'pconfig': {'id': 'subreads_stat', 'save_file': True, 'scale': False, 'col1_header': 'Well'}, 'headers': {'Wellcell_Name': {'title': 'Well Cell Name'}, 'Run_Name': {'title': 'Run Name'}, 'Data_Set': {'title': 'Data Set'}, 'Movie_Time': {'title': 'Movie Time', 'format': '{:,.0f}', 'suffix': ' hrs'}, 'Organism': {'title': 'Organism'}, 'Kit_Version': {'title': 'Kit Version'}, 'SMRT_Link_Version': {'title': 'SMRT Link Version'}, 'Metadata_Context_Id': {'title': 'Metadata Context Id'}}}, 'lengths_stat': {'file_format': 'tsv', 'section_name': 'Raw Data Report', 'description': 'length table.', 'plot_type': 'table', 'pconfig': {'id': 'lengths_stat', 'save_file': True, 'scale': False, 'col1_header': 'Well'}, 'headers': {'Polymerase_Read_Bases': {'title': 'Polymerase Read Bases', 'format': '{:,.0f}', 'scale': 'PuBu'}, 'Unique_Molecular_Yield': {'title': 'Unique Molecular Yield', 'format': '{:,.2f}', 'suffix': ' Gb'}, 'Polymerase_Reads': {'title': 'Polymerase Reads', 'format': '{:,.0f}'}, 'Polymerase_Read_Length': {'title': 'Polymerase Read Length (mean)', 'format': '{:,.0f}'}, 'Polymerase_Read_N50': {'title': 'Polymerase Read N50', 'format': '{:,.0f}'}, 'Subread_Length': {'title': 'Subread Length (mean)', 'format': '{:,.0f}'}, 'Subread_N50': {'title': 'Subread N50', 'format': '{:,.0f}'}, 'Insert_Length_subread_mean': {'title': 'Insert Length (mean)', 'format': '{:,.0f}'}, 'Insert_N50': {'title': 'Insert N50', 'format': '{:,.0f}'}}}, 'adapter_report': {'file_format': 'tsv', 'section_name': 'Adapter Report', 'description': 'Adapter table.', 'plot_type': 'table', 'pconfig': {'id': 'adapter_report', 'save_file': True, 'scale': False, 'col1_header': 'Well'}, 'headers': {'Adapter_Dimers': {'title': 'Adapter Dimers (0-10bp) %', 'format': '{:,.2f}', 'surffix': ' %'}, 'Short_Inserts': {'title': 'Short Inserts (11-100bp) %', 'format': '{:,.2f}', 'suffix': ' %'}, 'Local_Base_Rate': {'title': 'Local Base Rate', 'description': 'Average base incorporation rate', 'format': '{:,.2f}', 'scale': 'PuBu'}}}, 'control_report': {'file_format': 'tsv', 'section_name': 'Control Report', 'description': 'Control table.', 'plot_type': 'table', 'pconfig': {'id': 'control_report', 'save_file': True, 'scale': False, 'col1_header': 'Well'}, 'headers': {'Number_of_of_Control_Reads': {'title': 'Number Of Control Reads', 'format': '{:,.0f}', 'scale': 'PuBu'}, 'Control_Read_Length_Mean': {'title': 'Control Read Length Mean', 'format': '{:,.0f}'}, 'Control_Read_Concordance_Mean': {'title': 'Control Read Concordance Mean', 'format': '{:,.2f}'}, 'Control_Read_Concordance_Mode': {'title': 'Control Read Concordance Mode', 'format': '{:,.2f}'}}}, 'loading_report': {'file_format': 'tsv', 'section_name': 'Loading Statistics', 'description': 'productivity table.', 'plot_type': 'table', 'pconfig': {'id': 'loading_report', 'save_file': True, 'scale': False, 'col1_header': 'Well'}, 'headers': {'Productive_ZMWs': {'title': 'Productive ZMWs', 'format': '{:,.0f}', 'scale': 'PuBu', 'description': 'productive ZMWs'}, 'Productivity_0': {'title': 'Productivity 0', 'description': 'empty ZMWs', 'format': '{:,.0f}'}, 'P0': {'title': '%', 'description': 'percentage empty ZMWs', 'format': '{:,.2f}', 'suffix': ' %'}, 'Productivity_1': {'title': 'Productivity 1', 'description': 'ZMW with a high quality read detected', 'format': '{:,.2f}'}, 'P1': {'title': '%', 'format': '{:,.2f}', 'suffix': ' %', 'description': 'percentage ZMW with a high quality read detected'}, 'Productivity_2': {'title': 'Productivity 2', 'description': 'other: no high quality', 'format': '{:,.2f}'}, 'P2': {'title': '%', 'description': 'percentage no high quality', 'format': '{:,.2f}', 'suffix': ' %'}}}, 'productivity_stat': {'id': 'productivity_stat', 'file_format': 'tsv', 'section_name': 'Productivity', 'description': 'productivity_stat', 'plot_type': 'bargraph', 'pconfig': {'id': 'barplot_config_only', 'title': 'Productivity'}}, 'result_sprite': {'file_format': '_mqc.png', 'section_name': 'Image_1', 'description': 'Raw Data plots.'}}
[2020-06-23 17:32:33,829] multiqc                                            [DEBUG  ]  Added to filename patterns: {'result_sprite': {'fn': 'result2multiqc_mqc.png'}, 'subreads_stat': {'fn': '*_subreads.txt'}, 'lengths_stat': {'fn': '*_lengths.txt'}, 'loading_report': {'fn': '*_loading.txt'}, 'productivity_stat': {'fn': '*_productivity.txt'}, 'adapter_report': {'fn': '*_adapter.txt'}, 'control_report': {'fn': '*_control.txt'}}
[2020-06-23 17:32:33,829] multiqc                                            [DEBUG  ]  New config 'custom_plot_config': {'barplot_config_only': {'P0': {'color': '#d84e2f'}, 'P1': {'color': '#10b55f'}, 'P2': {'color': '#787878'}}}
[2020-06-23 17:32:33,829] multiqc                                            [DEBUG  ]  New config 'table_cond_formatting_rules': {'P1': {'pass': [{'gt': 40}], 'warn': [{'gt': 70}], 'fail': [{'lt': 40}]}}
[2020-06-23 17:32:33,829] multiqc                                            [DEBUG  ]  New config 'table_columns_placement': {'lengths_stat': {'Well': 900, 'Polymerase_Read_Bases': 910, 'Unique_Molecular_Yield': 1000, 'Polymerase_Reads': 920, 'Polymerase_Read_Length': 930, 'Polymerase_Read_N50': 940, 'Subread_Length': 950, 'Subread_N50': 960, 'Insert_Length': 970, 'Insert_N50': 990}, 'subreads_stat': {'Well': 900, 'Wellcell_Name': 910, 'Run_Name': 920, 'Data_Set': 930, 'Movie_Time': 940, 'Organism': 950, 'Kit_Version': 960, 'SMRT_Link_Version': 970, 'Metadata_Context_Id': 980}, 'adapter_report': {'Well': 900, 'Adapter_Dimers': 910, 'Short_Inserts': 930, 'Local_Base_Rate': 950}, 'control_report': {'Well': 900, 'Number_of_of_Control_Reads': 910, 'Control_Read_Length_Mean': 930, 'Control_Read_Concordance_Mean': 940, 'Control_Read_Concordance_Mode': 950}, 'loading_report': {'Well': 900, 'Productive_ZMWs': 910, 'Productivity_0': 920, 'P0': 930, 'Productivity_1': 950, 'P1': 960, 'Productivity_2': 980, 'P2': 1000}}
[2020-06-23 17:32:33,830] multiqc                                            [DEBUG  ]  Command used: /data/users/talaeita/work/envs_conda/curie-rawqc-2.0-dev/bin/multiqc makeReport/m54063_181211_144629_adapter.txt makeReport/m54063_181211_144629_control.txt makeReport/m54063_181211_144629_lengths.txt makeReport/m54063_181211_144629_loading.txt makeReport/m54063_181211_144629_overview.txt makeReport/m54063_181211_144629_productivity.txt makeReport/m54063_181211_144629_subreads.txt subreads_reports/m54063_181211_144629_mqc.png -f -c multiqc_config_overview.yaml -c multiqc_config_image.yaml
[2020-06-23 17:32:34,269] multiqc                                            [WARNING]  MultiQC Version v1.9 now available!
[2020-06-23 17:32:34,269] multiqc                                            [INFO   ]  This is MultiQC v1.8
[2020-06-23 17:32:34,269] multiqc                                            [DEBUG  ]  Command     : /data/users/talaeita/work/envs_conda/curie-rawqc-2.0-dev/bin/multiqc makeReport/m54063_181211_144629_adapter.txt makeReport/m54063_181211_144629_control.txt makeReport/m54063_181211_144629_lengths.txt makeReport/m54063_181211_144629_loading.txt makeReport/m54063_181211_144629_overview.txt makeReport/m54063_181211_144629_productivity.txt makeReport/m54063_181211_144629_subreads.txt subreads_reports/m54063_181211_144629_mqc.png -f -c multiqc_config_overview.yaml -c multiqc_config_image.yaml
[2020-06-23 17:32:34,270] multiqc                                            [DEBUG  ]  Working dir : /bioinfo/users/talaeita/git/pacbio-smrtlink/pbRunQC/work/b5/59fd95b658e469c6c8e093a4a53a9e
[2020-06-23 17:32:34,270] multiqc                                            [INFO   ]  Template    : default
[2020-06-23 17:32:34,270] multiqc                                            [DEBUG  ]  Running Python 3.6.7 | packaged by conda-forge | (default, Nov  6 2019, 16:19:42)  [GCC 7.3.0]
[2020-06-23 17:32:34,270] multiqc                                            [INFO   ]  Searching   : /bioinfo/users/talaeita/git/pacbio-smrtlink/pbRunQC/work/b5/59fd95b658e469c6c8e093a4a53a9e/makeReport/m54063_181211_144629_adapter.txt
[2020-06-23 17:32:34,270] multiqc                                            [INFO   ]  Searching   : /bioinfo/users/talaeita/git/pacbio-smrtlink/pbRunQC/work/b5/59fd95b658e469c6c8e093a4a53a9e/makeReport/m54063_181211_144629_control.txt
[2020-06-23 17:32:34,270] multiqc                                            [INFO   ]  Searching   : /bioinfo/users/talaeita/git/pacbio-smrtlink/pbRunQC/work/b5/59fd95b658e469c6c8e093a4a53a9e/makeReport/m54063_181211_144629_lengths.txt
[2020-06-23 17:32:34,270] multiqc                                            [INFO   ]  Searching   : /bioinfo/users/talaeita/git/pacbio-smrtlink/pbRunQC/work/b5/59fd95b658e469c6c8e093a4a53a9e/makeReport/m54063_181211_144629_loading.txt
[2020-06-23 17:32:34,270] multiqc                                            [INFO   ]  Searching   : /bioinfo/users/talaeita/git/pacbio-smrtlink/pbRunQC/work/b5/59fd95b658e469c6c8e093a4a53a9e/makeReport/m54063_181211_144629_overview.txt
[2020-06-23 17:32:34,270] multiqc                                            [INFO   ]  Searching   : /bioinfo/users/talaeita/git/pacbio-smrtlink/pbRunQC/work/b5/59fd95b658e469c6c8e093a4a53a9e/makeReport/m54063_181211_144629_productivity.txt
[2020-06-23 17:32:34,270] multiqc                                            [INFO   ]  Searching   : /bioinfo/users/talaeita/git/pacbio-smrtlink/pbRunQC/work/b5/59fd95b658e469c6c8e093a4a53a9e/makeReport/m54063_181211_144629_subreads.txt
[2020-06-23 17:32:34,271] multiqc                                            [INFO   ]  Searching   : /bioinfo/users/talaeita/git/pacbio-smrtlink/pbRunQC/work/b5/59fd95b658e469c6c8e093a4a53a9e/subreads_reports/m54063_181211_144629_mqc.png
[2020-06-23 17:32:34,271] multiqc                                            [DEBUG  ]  Analysing modules: custom_content, conpair, peddy, methylQA, phantompeakqualtools, qualimap, preseq, quast, qorts, rna_seqc, rsem, rseqc, busco, goleft_indexcov, disambiguate, supernova, deeptools, sargasso, verifybamid, mirtrace, happy, homer, macs2, theta2, snpeff, gatk, htseq, bcftools, featureCounts, fgbio, dedup, damageprofiler, biobambam2, mtnucratio, picard, prokka, samblaster, samtools, sexdeterrmine, bamtools, jellyfish, vcftools, longranger, stacks, bbmap, bismark, biscuit, hicexplorer, hicup, hicpro, salmon, kallisto, slamdunk, star, hisat2, tophat, bowtie2, bowtie1, kat, leehom, adapterRemoval, clipandmerge, cutadapt, flexbar, trimmomatic, skewer, sortmerna, biobloomtools, fastq_screen, afterqc, fastp, fastqc, minionqc, mosdepth, clusterflow, bcl2fastq, interop, flash, seqyclean
[2020-06-23 17:32:34,271] multiqc                                            [DEBUG  ]  Using temporary directory for creating report: /tmp/tmpbyp_7yhc
[2020-06-23 17:32:35,171] multiqc.plots.bargraph                             [DEBUG  ]  Using matplotlib version 3.1.1
[2020-06-23 17:32:35,173] multiqc.plots.linegraph                            [DEBUG  ]  Using matplotlib version 3.1.1
[2020-06-23 17:32:35,189] multiqc.modules.custom_content.custom_content      [DEBUG  ]  No samples found: custom content (result_sprite)
[2020-06-23 17:32:35,190] multiqc.modules.custom_content.custom_content      [INFO   ]  subreads_stat: Found 1 samples (table)
[2020-06-23 17:32:35,191] multiqc.modules.custom_content.custom_content      [INFO   ]  lengths_stat: Found 1 samples (table)
[2020-06-23 17:32:35,192] multiqc.modules.custom_content.custom_content      [INFO   ]  adapter_report: Found 1 samples (table)
[2020-06-23 17:32:35,192] multiqc.modules.custom_content.custom_content      [INFO   ]  control_report: Found 1 samples (table)
[2020-06-23 17:32:35,193] multiqc.modules.custom_content.custom_content      [INFO   ]  loading_report: Found 1 samples (table)
[2020-06-23 17:32:35,195] multiqc.modules.custom_content.custom_content      [INFO   ]  productivity_stat: Found 1 samples (bargraph)
[2020-06-23 17:32:35,196] multiqc.modules.custom_content.custom_content      [INFO   ]  m54063_181211_144629: Found 1 sample (image)
[2020-06-23 17:32:35,202] multiqc                                            [DEBUG  ]  No samples found: conpair
[2020-06-23 17:32:35,208] multiqc                                            [DEBUG  ]  No samples found: peddy
[2020-06-23 17:32:35,215] multiqc                                            [DEBUG  ]  No samples found: methylQA
[2020-06-23 17:32:35,222] multiqc                                            [DEBUG  ]  No samples found: phantompeakqualtools
[2020-06-23 17:32:35,232] multiqc                                            [DEBUG  ]  No samples found: qualimap
[2020-06-23 17:32:35,239] multiqc                                            [DEBUG  ]  No samples found: preseq
[2020-06-23 17:32:35,245] multiqc                                            [DEBUG  ]  No samples found: quast
[2020-06-23 17:32:35,252] multiqc                                            [DEBUG  ]  No samples found: qorts
[2020-06-23 17:32:35,259] multiqc                                            [DEBUG  ]  No samples found: rna_seqc
[2020-06-23 17:32:35,267] multiqc                                            [DEBUG  ]  No samples found: rsem
[2020-06-23 17:32:35,290] multiqc                                            [DEBUG  ]  No samples found: rseqc
[2020-06-23 17:32:35,305] multiqc                                            [DEBUG  ]  No samples found: busco
[2020-06-23 17:32:35,319] multiqc                                            [DEBUG  ]  No samples found: goleft_indexcov
[2020-06-23 17:32:35,332] multiqc                                            [DEBUG  ]  No samples found: disambiguate
[2020-06-23 17:32:35,343] multiqc                                            [DEBUG  ]  No samples found: supernova
[2020-06-23 17:32:35,369] multiqc                                            [DEBUG  ]  No samples found: deeptools
[2020-06-23 17:32:35,377] multiqc                                            [DEBUG  ]  No samples found: sargasso
[2020-06-23 17:32:35,386] multiqc                                            [DEBUG  ]  No samples found: verifybamid
[2020-06-23 17:32:35,394] multiqc                                            [DEBUG  ]  No samples found: mirtrace
[2020-06-23 17:32:35,402] multiqc                                            [DEBUG  ]  No samples found: happy
[2020-06-23 17:32:35,413] multiqc                                            [DEBUG  ]  No samples found: homer
[2020-06-23 17:32:35,422] multiqc                                            [DEBUG  ]  No samples found: macs2
[2020-06-23 17:32:35,430] multiqc                                            [DEBUG  ]  No samples found: theta2
[2020-06-23 17:32:35,437] multiqc                                            [DEBUG  ]  No samples found: snpeff
[2020-06-23 17:32:35,453] multiqc                                            [DEBUG  ]  No samples found: gatk
[2020-06-23 17:32:35,467] multiqc                                            [DEBUG  ]  No samples found: htseq
[2020-06-23 17:32:35,482] multiqc                                            [DEBUG  ]  No samples found: bcftools
[2020-06-23 17:32:35,493] multiqc                                            [DEBUG  ]  No samples found: featureCounts
[2020-06-23 17:32:35,504] multiqc                                            [DEBUG  ]  No samples found: fgbio
[2020-06-23 17:32:35,513] multiqc                                            [DEBUG  ]  No samples found: dedup
[2020-06-23 17:32:35,523] multiqc                                            [DEBUG  ]  No samples found: damageprofiler
[2020-06-23 17:32:35,563] multiqc                                            [DEBUG  ]  No samples found: biobambam2
[2020-06-23 17:32:35,573] multiqc                                            [DEBUG  ]  No samples found: mtnucratio
[2020-06-23 17:32:35,580] multiqc                                            [DEBUG  ]  No samples found: picard
[2020-06-23 17:32:35,594] multiqc                                            [DEBUG  ]  No samples found: prokka
[2020-06-23 17:32:35,604] multiqc                                            [DEBUG  ]  No samples found: samblaster
[2020-06-23 17:32:35,621] multiqc                                            [DEBUG  ]  No samples found: samtools
[2020-06-23 17:32:35,629] multiqc                                            [DEBUG  ]  No samples found: sexdeterrmine
[2020-06-23 17:32:35,640] multiqc                                            [DEBUG  ]  No samples found: bamtools
[2020-06-23 17:32:35,648] multiqc                                            [DEBUG  ]  No samples found: jellyfish
[2020-06-23 17:32:35,664] multiqc                                            [DEBUG  ]  No samples found: vcftools
[2020-06-23 17:32:35,674] multiqc                                            [DEBUG  ]  No samples found: longranger
[2020-06-23 17:32:35,682] multiqc                                            [DEBUG  ]  No samples found: stacks
[2020-06-23 17:32:35,712] multiqc                                            [DEBUG  ]  No samples found: bbmap
[2020-06-23 17:32:35,720] multiqc                                            [DEBUG  ]  No samples found: bismark
[2020-06-23 17:32:35,729] multiqc                                            [DEBUG  ]  No samples found: biscuit
[2020-06-23 17:32:35,737] multiqc                                            [DEBUG  ]  No samples found: hicexplorer
[2020-06-23 17:32:35,746] multiqc                                            [DEBUG  ]  No samples found: hicup
[2020-06-23 17:32:35,755] multiqc                                            [DEBUG  ]  No samples found: hicpro
[2020-06-23 17:32:35,763] multiqc                                            [DEBUG  ]  No samples found: salmon
[2020-06-23 17:32:35,772] multiqc                                            [DEBUG  ]  No samples found: kallisto
[2020-06-23 17:32:35,780] multiqc                                            [DEBUG  ]  No samples found: slamdunk
[2020-06-23 17:32:35,788] multiqc                                            [DEBUG  ]  No samples found: star
[2020-06-23 17:32:35,797] multiqc                                            [DEBUG  ]  No samples found: hisat2
[2020-06-23 17:32:35,805] multiqc                                            [DEBUG  ]  No samples found: tophat
[2020-06-23 17:32:35,816] multiqc                                            [DEBUG  ]  No samples found: bowtie2
[2020-06-23 17:32:35,831] multiqc                                            [DEBUG  ]  No samples found: bowtie1
[2020-06-23 17:32:35,845] multiqc                                            [DEBUG  ]  No samples found: kat
[2020-06-23 17:32:35,856] multiqc                                            [DEBUG  ]  No samples found: leehom
[2020-06-23 17:32:35,867] multiqc                                            [DEBUG  ]  No samples found: adapterRemoval
[2020-06-23 17:32:35,877] multiqc                                            [DEBUG  ]  No samples found: clipandmerge
[2020-06-23 17:32:35,886] multiqc                                            [DEBUG  ]  No samples found: cutadapt
[2020-06-23 17:32:35,895] multiqc                                            [DEBUG  ]  No samples found: flexbar
[2020-06-23 17:32:35,905] multiqc                                            [DEBUG  ]  No samples found: trimmomatic
[2020-06-23 17:32:35,914] multiqc                                            [DEBUG  ]  No samples found: skewer
[2020-06-23 17:32:35,924] multiqc                                            [DEBUG  ]  No samples found: sortmerna
[2020-06-23 17:32:35,933] multiqc                                            [DEBUG  ]  No samples found: biobloomtools
[2020-06-23 17:32:35,943] multiqc                                            [DEBUG  ]  No samples found: fastq_screen
[2020-06-23 17:32:35,956] multiqc                                            [DEBUG  ]  No samples found: afterqc
[2020-06-23 17:32:35,968] multiqc                                            [DEBUG  ]  No samples found: fastp
[2020-06-23 17:32:35,978] multiqc                                            [DEBUG  ]  No samples found: fastqc
[2020-06-23 17:32:35,987] multiqc                                            [DEBUG  ]  No samples found: minionqc
[2020-06-23 17:32:35,995] multiqc                                            [DEBUG  ]  No samples found: mosdepth
[2020-06-23 17:32:36,004] multiqc                                            [DEBUG  ]  No samples found: clusterflow
[2020-06-23 17:32:36,013] multiqc                                            [DEBUG  ]  No samples found: bcl2fastq
[2020-06-23 17:32:36,022] multiqc                                            [DEBUG  ]  No samples found: interop
[2020-06-23 17:32:36,031] multiqc                                            [DEBUG  ]  No samples found: flash
[2020-06-23 17:32:36,040] multiqc                                            [DEBUG  ]  No samples found: seqyclean
[2020-06-23 17:32:36,040] multiqc                                            [INFO   ]  Compressing plot data
[2020-06-23 17:32:36,044] multiqc                                            [WARNING]  Couldn't export data key 'config.report_header_info'
[2020-06-23 17:32:36,047] multiqc                                            [INFO   ]  Report      : pbRunQC_report.html
[2020-06-23 17:32:36,048] multiqc                                            [INFO   ]  Data        : multiqc_data
[2020-06-23 17:32:36,049] multiqc                                            [DEBUG  ]  Moving data file from '/tmp/tmpbyp_7yhc/multiqc_data/multiqc_data.json' to '/bioinfo/users/talaeita/git/pacbio-smrtlink/pbRunQC/work/b5/59fd95b658e469c6c8e093a4a53a9e/multiqc_data'
[2020-06-23 17:32:36,059] multiqc                                            [DEBUG  ]  Moving data file from '/tmp/tmpbyp_7yhc/multiqc_data/multiqc_sources.txt' to '/bioinfo/users/talaeita/git/pacbio-smrtlink/pbRunQC/work/b5/59fd95b658e469c6c8e093a4a53a9e/multiqc_data'
[2020-06-23 17:32:36,068] multiqc                                            [DEBUG  ]  Moving data file from '/tmp/tmpbyp_7yhc/multiqc_data/multiqc_qualimap_bamqc_genome_results.txt' to '/bioinfo/users/talaeita/git/pacbio-smrtlink/pbRunQC/work/b5/59fd95b658e469c6c8e093a4a53a9e/multiqc_data'
[2020-06-23 17:32:36,076] multiqc                                            [DEBUG  ]  Moving data file from '/tmp/tmpbyp_7yhc/multiqc_data/multiqc_loading_statistics.txt' to '/bioinfo/users/talaeita/git/pacbio-smrtlink/pbRunQC/work/b5/59fd95b658e469c6c8e093a4a53a9e/multiqc_data'
[2020-06-23 17:32:36,084] multiqc                                            [DEBUG  ]  Moving data file from '/tmp/tmpbyp_7yhc/multiqc_data/multiqc_loading_report-1.txt' to '/bioinfo/users/talaeita/git/pacbio-smrtlink/pbRunQC/work/b5/59fd95b658e469c6c8e093a4a53a9e/multiqc_data'
[2020-06-23 17:32:36,092] multiqc                                            [DEBUG  ]  Moving data file from '/tmp/tmpbyp_7yhc/multiqc_data/multiqc_control_report.txt' to '/bioinfo/users/talaeita/git/pacbio-smrtlink/pbRunQC/work/b5/59fd95b658e469c6c8e093a4a53a9e/multiqc_data'
[2020-06-23 17:32:36,100] multiqc                                            [DEBUG  ]  Moving data file from '/tmp/tmpbyp_7yhc/multiqc_data/multiqc_control_report-1.txt' to '/bioinfo/users/talaeita/git/pacbio-smrtlink/pbRunQC/work/b5/59fd95b658e469c6c8e093a4a53a9e/multiqc_data'
[2020-06-23 17:32:36,108] multiqc                                            [DEBUG  ]  Moving data file from '/tmp/tmpbyp_7yhc/multiqc_data/multiqc_adapter_report.txt' to '/bioinfo/users/talaeita/git/pacbio-smrtlink/pbRunQC/work/b5/59fd95b658e469c6c8e093a4a53a9e/multiqc_data'
[2020-06-23 17:32:36,117] multiqc                                            [DEBUG  ]  Moving data file from '/tmp/tmpbyp_7yhc/multiqc_data/multiqc_adapter_report-1.txt' to '/bioinfo/users/talaeita/git/pacbio-smrtlink/pbRunQC/work/b5/59fd95b658e469c6c8e093a4a53a9e/multiqc_data'
[2020-06-23 17:32:36,125] multiqc                                            [DEBUG  ]  Moving data file from '/tmp/tmpbyp_7yhc/multiqc_data/multiqc_raw_data_report.txt' to '/bioinfo/users/talaeita/git/pacbio-smrtlink/pbRunQC/work/b5/59fd95b658e469c6c8e093a4a53a9e/multiqc_data'
[2020-06-23 17:32:36,133] multiqc                                            [DEBUG  ]  Moving data file from '/tmp/tmpbyp_7yhc/multiqc_data/multiqc_lengths_stat-1.txt' to '/bioinfo/users/talaeita/git/pacbio-smrtlink/pbRunQC/work/b5/59fd95b658e469c6c8e093a4a53a9e/multiqc_data'
[2020-06-23 17:32:36,142] multiqc                                            [DEBUG  ]  Moving data file from '/tmp/tmpbyp_7yhc/multiqc_data/multiqc_status.txt' to '/bioinfo/users/talaeita/git/pacbio-smrtlink/pbRunQC/work/b5/59fd95b658e469c6c8e093a4a53a9e/multiqc_data'
[2020-06-23 17:32:36,150] multiqc                                            [DEBUG  ]  Moving data file from '/tmp/tmpbyp_7yhc/multiqc_data/multiqc_subreads_stat-1.txt' to '/bioinfo/users/talaeita/git/pacbio-smrtlink/pbRunQC/work/b5/59fd95b658e469c6c8e093a4a53a9e/multiqc_data'
[2020-06-23 17:32:36,392] multiqc                                            [INFO   ]  MultiQC complete
