[INFO] 2020-06-23 15:44:23,818Z [__main__ _pacbio_main_runner 159] Using pbcommand v1.9.2
[INFO] 2020-06-23 15:44:23,818Z [__main__ _pacbio_main_runner 160] completed setting up logger with <function setup_log at 0x7f55e7c83b18>
[INFO] 2020-06-23 15:44:23,818Z [__main__ _pacbio_main_runner 161] log opts {'file_name': None, 'level': 20}
[INFO] 2020-06-23 15:44:23,818Z [__main__ to_reports 30] Loading /bioinfo/users/talaeita/git/pacbio-smrtlink/pbRunQC/work/14/18aeda32dab0d57d312b075a622944/m54063_181212_112538.subreadset.xml
[INFO] 2020-06-23 15:44:23,973Z [pbreports.report.filter_stats_xml to_report_impl 307] Unique molecular yield from sts.xml: None
[INFO] 2020-06-23 15:44:23,973Z [pbreports.report.filter_stats_xml to_report_impl 309] Computing metrics from .pbi file
[INFO] 2020-06-23 15:44:24,047Z [pbreports.plot.helper _save_figures 337] Saving figure /bioinfo/users/talaeita/git/pacbio-smrtlink/pbRunQC/work/14/18aeda32dab0d57d312b075a622944/filter_stats_xml/readLenDist0.png with dpi 350
[INFO] 2020-06-23 15:44:24,405Z [pbreports.plot.helper _save_figures 337] Saving figure /bioinfo/users/talaeita/git/pacbio-smrtlink/pbRunQC/work/14/18aeda32dab0d57d312b075a622944/filter_stats_xml/readLenDist0_thumb.png with dpi 20
[INFO] 2020-06-23 15:44:24,436Z [pbreports.report.filter_stats_xml to_subread_lengths_plot 242] Plotting subread lengths
[INFO] 2020-06-23 15:44:24,463Z [pbreports.plot.helper _save_figures 337] Saving figure /bioinfo/users/talaeita/git/pacbio-smrtlink/pbRunQC/work/14/18aeda32dab0d57d312b075a622944/filter_stats_xml/subread_lengths.png with dpi 350
[INFO] 2020-06-23 15:44:24,806Z [pbreports.plot.helper _save_figures 337] Saving figure /bioinfo/users/talaeita/git/pacbio-smrtlink/pbRunQC/work/14/18aeda32dab0d57d312b075a622944/filter_stats_xml/subread_lengths_thumb.png with dpi 20
[INFO] 2020-06-23 15:44:24,863Z [pbreports.plot.helper _save_figures 337] Saving figure /bioinfo/users/talaeita/git/pacbio-smrtlink/pbRunQC/work/14/18aeda32dab0d57d312b075a622944/filter_stats_xml/insertLenDist0.png with dpi 350
[INFO] 2020-06-23 15:44:25,207Z [pbreports.plot.helper _save_figures 337] Saving figure /bioinfo/users/talaeita/git/pacbio-smrtlink/pbRunQC/work/14/18aeda32dab0d57d312b075a622944/filter_stats_xml/insertLenDist0_thumb.png with dpi 20
[INFO] 2020-06-23 15:44:25,238Z [pbreports.report.filter_stats_xml to_hexbin_plot 250] Plotting insert read lengths versus polymerase read lengths
[INFO] 2020-06-23 15:44:25,287Z [pbreports.plot.helper _save_figures 337] Saving figure /bioinfo/users/talaeita/git/pacbio-smrtlink/pbRunQC/work/14/18aeda32dab0d57d312b075a622944/filter_stats_xml/hexbin_length_plot.png with dpi 350
[INFO] 2020-06-23 15:44:26,146Z [pbreports.plot.helper _save_figures 337] Saving figure /bioinfo/users/talaeita/git/pacbio-smrtlink/pbRunQC/work/14/18aeda32dab0d57d312b075a622944/filter_stats_xml/hexbin_length_plot_thumb.png with dpi 20
[INFO] 2020-06-23 15:44:26,236Z [pbreports.report.filter_stats_xml to_base_yield_plot 258] Plotting base yield as a function of read length
[INFO] 2020-06-23 15:44:26,246Z [pbreports.plot.helper _save_figures 337] Saving figure /bioinfo/users/talaeita/git/pacbio-smrtlink/pbRunQC/work/14/18aeda32dab0d57d312b075a622944/filter_stats_xml/base_yield_plot.png with dpi 350
[INFO] 2020-06-23 15:44:26,598Z [pbreports.plot.helper _save_figures 337] Saving figure /bioinfo/users/talaeita/git/pacbio-smrtlink/pbRunQC/work/14/18aeda32dab0d57d312b075a622944/filter_stats_xml/base_yield_plot_thumb.png with dpi 20
[INFO] 2020-06-23 15:44:26,628Z [__main__ to_reports 45] Writing /bioinfo/users/talaeita/git/pacbio-smrtlink/pbRunQC/work/14/18aeda32dab0d57d312b075a622944/filter_stats_xml/filter_stats_xml.json
[INFO] 2020-06-23 15:44:26,687Z [pbreports.plot.helper _save_figures 337] Saving figure /bioinfo/users/talaeita/git/pacbio-smrtlink/pbRunQC/work/14/18aeda32dab0d57d312b075a622944/adapter_xml/interAdapterDist0.png with dpi 350
[INFO] 2020-06-23 15:44:27,029Z [pbreports.plot.helper _save_figures 337] Saving figure /bioinfo/users/talaeita/git/pacbio-smrtlink/pbRunQC/work/14/18aeda32dab0d57d312b075a622944/adapter_xml/interAdapterDist0_thumb.png with dpi 20
[INFO] 2020-06-23 15:44:27,068Z [__main__ to_reports 45] Writing /bioinfo/users/talaeita/git/pacbio-smrtlink/pbRunQC/work/14/18aeda32dab0d57d312b075a622944/adapter_xml/adapter_xml.json
[INFO] 2020-06-23 15:44:27,144Z [pbreports.plot.helper _save_figures 337] Saving figure /bioinfo/users/talaeita/git/pacbio-smrtlink/pbRunQC/work/14/18aeda32dab0d57d312b075a622944/loading_xml/raw_read_length_plot.png with dpi 350
[INFO] 2020-06-23 15:44:27,503Z [pbreports.plot.helper _save_figures 337] Saving figure /bioinfo/users/talaeita/git/pacbio-smrtlink/pbRunQC/work/14/18aeda32dab0d57d312b075a622944/loading_xml/raw_read_length_plot_thumb.png with dpi 20
[INFO] 2020-06-23 15:44:27,540Z [__main__ to_reports 45] Writing /bioinfo/users/talaeita/git/pacbio-smrtlink/pbRunQC/work/14/18aeda32dab0d57d312b075a622944/loading_xml/loading_xml.json
[INFO] 2020-06-23 15:44:27,575Z [pbreports.plot.helper _save_figures 337] Saving figure /bioinfo/users/talaeita/git/pacbio-smrtlink/pbRunQC/work/14/18aeda32dab0d57d312b075a622944/control/readlength_plot.png with dpi 350
[INFO] 2020-06-23 15:44:27,925Z [pbreports.plot.helper _save_figures 337] Saving figure /bioinfo/users/talaeita/git/pacbio-smrtlink/pbRunQC/work/14/18aeda32dab0d57d312b075a622944/control/readlength_plot_thumb.png with dpi 20
[INFO] 2020-06-23 15:44:27,993Z [pbreports.plot.helper _save_figures 337] Saving figure /bioinfo/users/talaeita/git/pacbio-smrtlink/pbRunQC/work/14/18aeda32dab0d57d312b075a622944/control/concordance_plot.png with dpi 350
[INFO] 2020-06-23 15:44:28,338Z [pbreports.plot.helper _save_figures 337] Saving figure /bioinfo/users/talaeita/git/pacbio-smrtlink/pbRunQC/work/14/18aeda32dab0d57d312b075a622944/control/concordance_plot_thumb.png with dpi 20
[INFO] 2020-06-23 15:44:28,371Z [__main__ to_reports 45] Writing /bioinfo/users/talaeita/git/pacbio-smrtlink/pbRunQC/work/14/18aeda32dab0d57d312b075a622944/control/control.json
[INFO] 2020-06-23 15:44:28,380Z [__main__ _pacbio_main_runner 199] exiting with return code 0 in 4.56 sec.
rm: impossible de supprimer « concordance_plot.png »: Aucun fichier ou dossier de ce type
rm: impossible de supprimer « readlength_plot.png »: Aucun fichier ou dossier de ce type
rm: impossible de supprimer « control_mqc_bis.png »: Aucun fichier ou dossier de ce type
