[INFO] 2020-06-23 14:21:06,033Z [__main__ _pacbio_main_runner 159] Using pbcommand v1.9.2
[INFO] 2020-06-23 14:21:06,033Z [__main__ _pacbio_main_runner 160] completed setting up logger with <function setup_log at 0x7fdd30cc3b18>
[INFO] 2020-06-23 14:21:06,033Z [__main__ _pacbio_main_runner 161] log opts {'file_name': None, 'level': 20}
[INFO] 2020-06-23 14:21:06,033Z [__main__ to_reports 30] Loading /bioinfo/users/talaeita/git/pacbio-smrtlink/pbRunQC/work/78/1c6e031273adcc7018b3f3cbb00311/m54063_181212_112538.subreadset.xml
[INFO] 2020-06-23 14:21:06,318Z [pbreports.report.filter_stats_xml to_report_impl 307] Unique molecular yield from sts.xml: None
[INFO] 2020-06-23 14:21:06,318Z [pbreports.report.filter_stats_xml to_report_impl 309] Computing metrics from .pbi file
[INFO] 2020-06-23 14:21:15,702Z [pbreports.plot.helper _save_figures 337] Saving figure /bioinfo/users/talaeita/git/pacbio-smrtlink/pbRunQC/work/78/1c6e031273adcc7018b3f3cbb00311/filter_stats_xml/readLenDist0.png with dpi 350
[INFO] 2020-06-23 14:21:16,108Z [pbreports.plot.helper _save_figures 337] Saving figure /bioinfo/users/talaeita/git/pacbio-smrtlink/pbRunQC/work/78/1c6e031273adcc7018b3f3cbb00311/filter_stats_xml/readLenDist0_thumb.png with dpi 20
[INFO] 2020-06-23 14:21:16,139Z [pbreports.report.filter_stats_xml to_subread_lengths_plot 242] Plotting subread lengths
[INFO] 2020-06-23 14:21:16,167Z [pbreports.plot.helper _save_figures 337] Saving figure /bioinfo/users/talaeita/git/pacbio-smrtlink/pbRunQC/work/78/1c6e031273adcc7018b3f3cbb00311/filter_stats_xml/subread_lengths.png with dpi 350
[INFO] 2020-06-23 14:21:16,511Z [pbreports.plot.helper _save_figures 337] Saving figure /bioinfo/users/talaeita/git/pacbio-smrtlink/pbRunQC/work/78/1c6e031273adcc7018b3f3cbb00311/filter_stats_xml/subread_lengths_thumb.png with dpi 20
[INFO] 2020-06-23 14:21:16,576Z [pbreports.plot.helper _save_figures 337] Saving figure /bioinfo/users/talaeita/git/pacbio-smrtlink/pbRunQC/work/78/1c6e031273adcc7018b3f3cbb00311/filter_stats_xml/insertLenDist0.png with dpi 350
[INFO] 2020-06-23 14:21:16,920Z [pbreports.plot.helper _save_figures 337] Saving figure /bioinfo/users/talaeita/git/pacbio-smrtlink/pbRunQC/work/78/1c6e031273adcc7018b3f3cbb00311/filter_stats_xml/insertLenDist0_thumb.png with dpi 20
[INFO] 2020-06-23 14:21:16,953Z [pbreports.report.filter_stats_xml to_hexbin_plot 250] Plotting insert read lengths versus polymerase read lengths
[INFO] 2020-06-23 14:21:17,320Z [pbreports.plot.helper _save_figures 337] Saving figure /bioinfo/users/talaeita/git/pacbio-smrtlink/pbRunQC/work/78/1c6e031273adcc7018b3f3cbb00311/filter_stats_xml/hexbin_length_plot.png with dpi 350
[INFO] 2020-06-23 14:21:18,228Z [pbreports.plot.helper _save_figures 337] Saving figure /bioinfo/users/talaeita/git/pacbio-smrtlink/pbRunQC/work/78/1c6e031273adcc7018b3f3cbb00311/filter_stats_xml/hexbin_length_plot_thumb.png with dpi 20
[INFO] 2020-06-23 14:21:18,320Z [pbreports.report.filter_stats_xml to_base_yield_plot 258] Plotting base yield as a function of read length
[INFO] 2020-06-23 14:21:18,695Z [pbreports.plot.helper _save_figures 337] Saving figure /bioinfo/users/talaeita/git/pacbio-smrtlink/pbRunQC/work/78/1c6e031273adcc7018b3f3cbb00311/filter_stats_xml/base_yield_plot.png with dpi 350
[INFO] 2020-06-23 14:21:19,028Z [pbreports.plot.helper _save_figures 337] Saving figure /bioinfo/users/talaeita/git/pacbio-smrtlink/pbRunQC/work/78/1c6e031273adcc7018b3f3cbb00311/filter_stats_xml/base_yield_plot_thumb.png with dpi 20
[INFO] 2020-06-23 14:21:19,057Z [__main__ to_reports 45] Writing /bioinfo/users/talaeita/git/pacbio-smrtlink/pbRunQC/work/78/1c6e031273adcc7018b3f3cbb00311/filter_stats_xml/filter_stats_xml.json
[INFO] 2020-06-23 14:21:19,091Z [pbreports.plot.helper _save_figures 337] Saving figure /bioinfo/users/talaeita/git/pacbio-smrtlink/pbRunQC/work/78/1c6e031273adcc7018b3f3cbb00311/adapter_xml/interAdapterDist0.png with dpi 350
[INFO] 2020-06-23 14:21:19,433Z [pbreports.plot.helper _save_figures 337] Saving figure /bioinfo/users/talaeita/git/pacbio-smrtlink/pbRunQC/work/78/1c6e031273adcc7018b3f3cbb00311/adapter_xml/interAdapterDist0_thumb.png with dpi 20
[INFO] 2020-06-23 14:21:19,463Z [__main__ to_reports 45] Writing /bioinfo/users/talaeita/git/pacbio-smrtlink/pbRunQC/work/78/1c6e031273adcc7018b3f3cbb00311/adapter_xml/adapter_xml.json
[INFO] 2020-06-23 14:21:19,538Z [pbreports.plot.helper _save_figures 337] Saving figure /bioinfo/users/talaeita/git/pacbio-smrtlink/pbRunQC/work/78/1c6e031273adcc7018b3f3cbb00311/loading_xml/raw_read_length_plot.png with dpi 350
[INFO] 2020-06-23 14:21:19,891Z [pbreports.plot.helper _save_figures 337] Saving figure /bioinfo/users/talaeita/git/pacbio-smrtlink/pbRunQC/work/78/1c6e031273adcc7018b3f3cbb00311/loading_xml/raw_read_length_plot_thumb.png with dpi 20
[INFO] 2020-06-23 14:21:19,926Z [__main__ to_reports 45] Writing /bioinfo/users/talaeita/git/pacbio-smrtlink/pbRunQC/work/78/1c6e031273adcc7018b3f3cbb00311/loading_xml/loading_xml.json
[INFO] 2020-06-23 14:21:19,962Z [pbreports.plot.helper _save_figures 337] Saving figure /bioinfo/users/talaeita/git/pacbio-smrtlink/pbRunQC/work/78/1c6e031273adcc7018b3f3cbb00311/control/readlength_plot.png with dpi 350
[INFO] 2020-06-23 14:21:20,309Z [pbreports.plot.helper _save_figures 337] Saving figure /bioinfo/users/talaeita/git/pacbio-smrtlink/pbRunQC/work/78/1c6e031273adcc7018b3f3cbb00311/control/readlength_plot_thumb.png with dpi 20
[INFO] 2020-06-23 14:21:20,369Z [pbreports.plot.helper _save_figures 337] Saving figure /bioinfo/users/talaeita/git/pacbio-smrtlink/pbRunQC/work/78/1c6e031273adcc7018b3f3cbb00311/control/concordance_plot.png with dpi 350
[INFO] 2020-06-23 14:21:20,713Z [pbreports.plot.helper _save_figures 337] Saving figure /bioinfo/users/talaeita/git/pacbio-smrtlink/pbRunQC/work/78/1c6e031273adcc7018b3f3cbb00311/control/concordance_plot_thumb.png with dpi 20
[INFO] 2020-06-23 14:21:20,746Z [__main__ to_reports 45] Writing /bioinfo/users/talaeita/git/pacbio-smrtlink/pbRunQC/work/78/1c6e031273adcc7018b3f3cbb00311/control/control.json
[INFO] 2020-06-23 14:21:20,755Z [__main__ _pacbio_main_runner 199] exiting with return code 0 in 14.72 sec.
