[WARNING]         multiqc : MultiQC Version v1.9 now available!
[INFO   ]         multiqc : This is MultiQC v1.8
[INFO   ]         multiqc : Template    : default
[INFO   ]         multiqc : Searching   : /bioinfo/users/talaeita/git/pacbio-smrtlink/pbRunQC/work/c5/5e1d3c0966bf866721a7bc718dc374/makeReport/m54063_181211_144629_adapter.txt
[INFO   ]         multiqc : Searching   : /bioinfo/users/talaeita/git/pacbio-smrtlink/pbRunQC/work/c5/5e1d3c0966bf866721a7bc718dc374/makeReport/m54063_181211_144629_control.txt
[INFO   ]         multiqc : Searching   : /bioinfo/users/talaeita/git/pacbio-smrtlink/pbRunQC/work/c5/5e1d3c0966bf866721a7bc718dc374/makeReport/m54063_181211_144629_lengths.txt
[INFO   ]         multiqc : Searching   : /bioinfo/users/talaeita/git/pacbio-smrtlink/pbRunQC/work/c5/5e1d3c0966bf866721a7bc718dc374/makeReport/m54063_181211_144629_loading.txt
[INFO   ]         multiqc : Searching   : /bioinfo/users/talaeita/git/pacbio-smrtlink/pbRunQC/work/c5/5e1d3c0966bf866721a7bc718dc374/makeReport/m54063_181211_144629_overview.txt
[INFO   ]         multiqc : Searching   : /bioinfo/users/talaeita/git/pacbio-smrtlink/pbRunQC/work/c5/5e1d3c0966bf866721a7bc718dc374/makeReport/m54063_181211_144629_productivity.txt
[INFO   ]         multiqc : Searching   : /bioinfo/users/talaeita/git/pacbio-smrtlink/pbRunQC/work/c5/5e1d3c0966bf866721a7bc718dc374/makeReport/m54063_181211_144629_subreads.txt
[INFO   ]         multiqc : Searching   : /bioinfo/users/talaeita/git/pacbio-smrtlink/pbRunQC/work/c5/5e1d3c0966bf866721a7bc718dc374/subreads_reports/m54063_181211_144629_mqc.png
[INFO   ]  custom_content : subreads_stat: Found 1 samples (table)
[INFO   ]  custom_content : lengths_stat: Found 1 samples (table)
[INFO   ]  custom_content : adapter_report: Found 1 samples (table)
[INFO   ]  custom_content : control_report: Found 1 samples (table)
[INFO   ]  custom_content : loading_report: Found 1 samples (table)
[INFO   ]  custom_content : productivity_stat: Found 1 samples (bargraph)
[INFO   ]  custom_content : m54063_181211_144629: Found 1 sample (image)
[INFO   ]         multiqc : Compressing plot data
[WARNING]          megaqc : Couldn't export data key 'config.report_header_info'
[INFO   ]         multiqc : Report      : pbRunQC_report.html
[INFO   ]         multiqc : Data        : multiqc_data
[INFO   ]         multiqc : MultiQC complete
